2024-10-17 15:25:16,696 INFO: Logger initlized
2024-10-17 15:25:35,559 INFO: Logger initlized
2024-10-17 15:25:37,690 INFO: Debug=True ChromeDriverManager installed in /Users/toshal.ghimire/Desktop/JScraper/app/JobScrapers/chromedriver.exe
2024-10-17 15:27:42,658 INFO: Logger initlized
2024-10-17 15:27:43,003 INFO: Debug=True ChromeDriverManager installed in /Users/toshal.ghimire/Desktop/JScraper/app/JobScrapers/chromedriver.exe
2024-10-17 15:30:42,236 INFO: Logger initlized
2024-10-17 15:30:47,306 INFO: 

2024-10-17 15:30:47,306 INFO: ====== WebDriver manager ======
2024-10-17 15:30:47,466 INFO: Current google-chrome version is 129.0.6668
2024-10-17 15:30:47,467 INFO: Get LATEST driver version for 129.0.6668
2024-10-17 15:30:47,530 DEBUG: Starting new HTTPS connection (1): chromedriver.storage.googleapis.com:443
2024-10-17 15:30:47,710 DEBUG: https://chromedriver.storage.googleapis.com:443 "GET /LATEST_RELEASE_129.0.6668 HTTP/11" 404 200
2024-10-17 15:36:10,234 INFO: Logger initlized
2024-10-17 15:36:18,192 INFO: Debug=True ChromeDriverManager installed in /Users/toshal.ghimire/Desktop/JScraper/app/JobScrapers/chromedriver
2024-10-17 15:37:10,552 INFO: Logger initlized
2024-10-17 15:37:14,667 INFO: Debug=True ChromeDriverManager installed in /Users/toshal.ghimire/Desktop/JScraper/app/JobScrapers/chromedriver
2024-10-17 15:37:23,371 DEBUG: Starting new HTTP connection (1): localhost:61647
2024-10-17 15:37:25,463 DEBUG: http://localhost:61647 "POST /session HTTP/11" 500 0
2024-10-17 15:43:55,274 INFO: Logger initlized
2024-10-17 15:43:59,372 INFO: Debug=True ChromeDriverManager installed in /Users/toshal.ghimire/Desktop/JScraper/app/JobScrapers/chromedriver
2024-10-17 15:44:00,526 DEBUG: Starting new HTTP connection (1): localhost:62563
2024-10-17 15:44:08,027 DEBUG: http://localhost:62563 "POST /session HTTP/11" 500 0
2024-10-17 15:45:20,269 INFO: Logger initlized
2024-10-17 15:45:21,918 INFO: Debug=True ChromeDriverManager installed in /Users/toshal.ghimire/Desktop/JScraper/app/JobScrapers/chromedriver
2024-10-17 15:45:22,496 DEBUG: Starting new HTTP connection (1): localhost:62778
2024-10-17 15:45:23,776 DEBUG: http://localhost:62778 "POST /session HTTP/11" 200 0
2024-10-17 15:49:38,587 INFO: Logger initlized
2024-10-17 15:49:44,110 INFO: Debug=True ChromeDriverManager installed in /Users/toshal.ghimire/Desktop/JScraper/app/JobScrapers/chromedriver
2024-10-17 15:49:44,197 DEBUG: Starting new HTTP connection (1): localhost:63440
2024-10-17 15:49:45,544 DEBUG: http://localhost:63440 "POST /session HTTP/11" 200 0
2024-10-17 15:50:21,633 INFO: Logger initlized
2024-10-17 15:50:22,102 INFO: Debug=True ChromeDriverManager installed in /Users/toshal.ghimire/Desktop/JScraper/app/JobScrapers/chromedriver
2024-10-17 15:50:22,172 DEBUG: Starting new HTTP connection (1): localhost:63567
2024-10-17 15:50:23,289 DEBUG: http://localhost:63567 "POST /session HTTP/11" 200 0
2024-10-17 15:50:37,868 INFO: Logger initlized
2024-10-17 15:50:38,184 INFO: Debug=True ChromeDriverManager installed in /Users/toshal.ghimire/Desktop/JScraper/app/JobScrapers/chromedriver
2024-10-17 15:50:38,712 DEBUG: Starting new HTTP connection (1): localhost:63651
2024-10-17 15:50:39,502 DEBUG: http://localhost:63651 "POST /session HTTP/11" 200 0
2024-10-17 15:51:27,535 INFO: Logger initlized
2024-10-17 15:51:27,862 INFO: Debug=True ChromeDriverManager installed in /Users/toshal.ghimire/Desktop/JScraper/app/JobScrapers/chromedriver
2024-10-17 15:51:27,916 DEBUG: Starting new HTTP connection (1): localhost:63788
2024-10-17 15:51:28,827 DEBUG: http://localhost:63788 "POST /session HTTP/11" 200 0
2024-10-17 15:51:42,860 INFO: Logger initlized
2024-10-17 15:51:43,206 INFO: Debug=True ChromeDriverManager installed in /Users/toshal.ghimire/Desktop/JScraper/app/JobScrapers/chromedriver
2024-10-17 15:51:43,727 DEBUG: Starting new HTTP connection (1): localhost:63839
2024-10-17 15:51:44,521 DEBUG: http://localhost:63839 "POST /session HTTP/11" 200 0
2024-10-17 15:51:45,831 DEBUG: http://localhost:63839 "POST /session/9690e3472ca006f317f7c8641ccf3f7c/url HTTP/11" 200 0
2024-10-17 15:56:46,477 INFO: Logger initlized
2024-10-17 15:56:46,846 INFO: Debug=True ChromeDriverManager installed in /Users/toshal.ghimire/Desktop/JScraper/app/JobScrapers/chromedriver
2024-10-17 15:56:47,001 DEBUG: Starting new HTTP connection (1): localhost:49467
2024-10-17 15:56:48,164 DEBUG: http://localhost:49467 "POST /session HTTP/11" 200 0
2024-10-17 15:56:49,330 DEBUG: http://localhost:49467 "POST /session/081da31892fe5217e58d800b5ac348c9/url HTTP/11" 200 0
2024-10-17 15:57:16,353 INFO: Logger initlized
2024-10-17 15:57:16,685 INFO: Debug=True ChromeDriverManager installed in /Users/toshal.ghimire/Desktop/JScraper/app/JobScrapers/chromedriver
2024-10-17 15:57:17,204 DEBUG: Starting new HTTP connection (1): localhost:49701
2024-10-17 15:57:18,009 DEBUG: http://localhost:49701 "POST /session HTTP/11" 200 0
2024-10-17 15:57:19,348 DEBUG: http://localhost:49701 "POST /session/017872b5e70a5b47d43c5b3084eda427/url HTTP/11" 200 0
2024-10-17 15:57:26,269 DEBUG: http://localhost:49701 "POST /session/017872b5e70a5b47d43c5b3084eda427/element HTTP/11" 200 0
2024-10-17 15:57:31,634 DEBUG: http://localhost:49701 "POST /session/017872b5e70a5b47d43c5b3084eda427/element/f.C0C16DDE1E191DFE6C08C2DA3A8028C4.d.BC755070624A659BDB9E26AF0796A20B.e.5/clear HTTP/11" 200 0
2024-10-17 15:57:56,329 DEBUG: http://localhost:49701 "POST /session/017872b5e70a5b47d43c5b3084eda427/element/f.C0C16DDE1E191DFE6C08C2DA3A8028C4.d.BC755070624A659BDB9E26AF0796A20B.e.5/value HTTP/11" 200 0
2024-10-17 15:58:06,794 DEBUG: http://localhost:49701 "POST /session/017872b5e70a5b47d43c5b3084eda427/element/f.C0C16DDE1E191DFE6C08C2DA3A8028C4.d.BC755070624A659BDB9E26AF0796A20B.e.5/value HTTP/11" 200 0
2024-10-17 15:58:07,783 DEBUG: http://localhost:49701 "POST /session/017872b5e70a5b47d43c5b3084eda427/element/f.C0C16DDE1E191DFE6C08C2DA3A8028C4.d.BC755070624A659BDB9E26AF0796A20B.e.5/value HTTP/11" 200 0
2024-10-17 15:59:48,488 INFO: Logger initlized
2024-10-17 15:59:48,899 INFO: Debug=True ChromeDriverManager installed in /Users/toshal.ghimire/Desktop/JScraper/app/JobScrapers/chromedriver
2024-10-17 15:59:48,960 DEBUG: Starting new HTTP connection (1): localhost:50722
2024-10-17 15:59:50,091 DEBUG: http://localhost:50722 "POST /session HTTP/11" 200 0
2024-10-17 15:59:51,258 DEBUG: http://localhost:50722 "POST /session/a04a86d948a667138ef00a0174f9e723/url HTTP/11" 200 0
2024-10-17 15:59:54,201 DEBUG: http://localhost:50722 "POST /session/a04a86d948a667138ef00a0174f9e723/element HTTP/11" 200 0
2024-10-17 15:59:54,223 DEBUG: http://localhost:50722 "POST /session/a04a86d948a667138ef00a0174f9e723/element/f.960578A32567BA37C60F31934225BE35.d.C53DF3FCF9F5F821FF18088DD0663B44.e.3/clear HTTP/11" 200 0
2024-10-17 15:59:54,314 DEBUG: http://localhost:50722 "POST /session/a04a86d948a667138ef00a0174f9e723/element/f.960578A32567BA37C60F31934225BE35.d.C53DF3FCF9F5F821FF18088DD0663B44.e.3/value HTTP/11" 200 0
2024-10-17 15:59:54,585 DEBUG: http://localhost:50722 "POST /session/a04a86d948a667138ef00a0174f9e723/element/f.960578A32567BA37C60F31934225BE35.d.C53DF3FCF9F5F821FF18088DD0663B44.e.3/value HTTP/11" 200 0
2024-10-17 15:59:54,740 DEBUG: http://localhost:50722 "POST /session/a04a86d948a667138ef00a0174f9e723/element/f.960578A32567BA37C60F31934225BE35.d.C53DF3FCF9F5F821FF18088DD0663B44.e.3/value HTTP/11" 200 0
2024-10-17 15:59:54,939 DEBUG: http://localhost:50722 "POST /session/a04a86d948a667138ef00a0174f9e723/element/f.960578A32567BA37C60F31934225BE35.d.C53DF3FCF9F5F821FF18088DD0663B44.e.3/value HTTP/11" 200 0
2024-10-17 15:59:55,108 DEBUG: http://localhost:50722 "POST /session/a04a86d948a667138ef00a0174f9e723/element/f.960578A32567BA37C60F31934225BE35.d.C53DF3FCF9F5F821FF18088DD0663B44.e.3/value HTTP/11" 200 0
2024-10-17 15:59:55,318 DEBUG: http://localhost:50722 "POST /session/a04a86d948a667138ef00a0174f9e723/element/f.960578A32567BA37C60F31934225BE35.d.C53DF3FCF9F5F821FF18088DD0663B44.e.3/value HTTP/11" 200 0
2024-10-17 15:59:55,500 DEBUG: http://localhost:50722 "POST /session/a04a86d948a667138ef00a0174f9e723/element/f.960578A32567BA37C60F31934225BE35.d.C53DF3FCF9F5F821FF18088DD0663B44.e.3/value HTTP/11" 200 0
2024-10-17 15:59:55,703 DEBUG: http://localhost:50722 "POST /session/a04a86d948a667138ef00a0174f9e723/element/f.960578A32567BA37C60F31934225BE35.d.C53DF3FCF9F5F821FF18088DD0663B44.e.3/value HTTP/11" 200 0
2024-10-17 15:59:55,866 DEBUG: http://localhost:50722 "POST /session/a04a86d948a667138ef00a0174f9e723/element/f.960578A32567BA37C60F31934225BE35.d.C53DF3FCF9F5F821FF18088DD0663B44.e.3/value HTTP/11" 200 0
2024-10-17 15:59:56,035 DEBUG: http://localhost:50722 "POST /session/a04a86d948a667138ef00a0174f9e723/element/f.960578A32567BA37C60F31934225BE35.d.C53DF3FCF9F5F821FF18088DD0663B44.e.3/value HTTP/11" 200 0
2024-10-17 15:59:56,313 DEBUG: http://localhost:50722 "POST /session/a04a86d948a667138ef00a0174f9e723/element/f.960578A32567BA37C60F31934225BE35.d.C53DF3FCF9F5F821FF18088DD0663B44.e.3/value HTTP/11" 200 0
2024-10-17 15:59:56,590 DEBUG: http://localhost:50722 "POST /session/a04a86d948a667138ef00a0174f9e723/element/f.960578A32567BA37C60F31934225BE35.d.C53DF3FCF9F5F821FF18088DD0663B44.e.3/value HTTP/11" 200 0
2024-10-17 15:59:56,900 DEBUG: http://localhost:50722 "POST /session/a04a86d948a667138ef00a0174f9e723/element/f.960578A32567BA37C60F31934225BE35.d.C53DF3FCF9F5F821FF18088DD0663B44.e.3/value HTTP/11" 200 0
2024-10-17 15:59:57,070 DEBUG: http://localhost:50722 "POST /session/a04a86d948a667138ef00a0174f9e723/element/f.960578A32567BA37C60F31934225BE35.d.C53DF3FCF9F5F821FF18088DD0663B44.e.3/value HTTP/11" 200 0
2024-10-17 15:59:57,298 DEBUG: http://localhost:50722 "POST /session/a04a86d948a667138ef00a0174f9e723/element/f.960578A32567BA37C60F31934225BE35.d.C53DF3FCF9F5F821FF18088DD0663B44.e.3/value HTTP/11" 200 0
2024-10-17 15:59:57,559 DEBUG: http://localhost:50722 "POST /session/a04a86d948a667138ef00a0174f9e723/element/f.960578A32567BA37C60F31934225BE35.d.C53DF3FCF9F5F821FF18088DD0663B44.e.3/value HTTP/11" 200 0
2024-10-17 15:59:57,833 DEBUG: http://localhost:50722 "POST /session/a04a86d948a667138ef00a0174f9e723/element/f.960578A32567BA37C60F31934225BE35.d.C53DF3FCF9F5F821FF18088DD0663B44.e.3/value HTTP/11" 200 0
2024-10-17 15:59:58,020 DEBUG: http://localhost:50722 "POST /session/a04a86d948a667138ef00a0174f9e723/element/f.960578A32567BA37C60F31934225BE35.d.C53DF3FCF9F5F821FF18088DD0663B44.e.3/value HTTP/11" 200 0
2024-10-17 15:59:58,150 DEBUG: http://localhost:50722 "POST /session/a04a86d948a667138ef00a0174f9e723/element/f.960578A32567BA37C60F31934225BE35.d.C53DF3FCF9F5F821FF18088DD0663B44.e.3/value HTTP/11" 200 0
2024-10-17 16:00:47,738 INFO: Logger initlized
2024-10-17 16:00:48,211 INFO: Debug=True ChromeDriverManager installed in /Users/toshal.ghimire/Desktop/JScraper/app/JobScrapers/chromedriver
2024-10-17 16:00:48,732 DEBUG: Starting new HTTP connection (1): localhost:51175
2024-10-17 16:00:49,679 DEBUG: http://localhost:51175 "POST /session HTTP/11" 200 0
2024-10-17 16:00:50,815 DEBUG: http://localhost:51175 "POST /session/d351df03bc9f8fb2402daaa8f29bf2db/url HTTP/11" 200 0
2024-10-17 16:00:50,826 DEBUG: http://localhost:51175 "POST /session/d351df03bc9f8fb2402daaa8f29bf2db/element HTTP/11" 200 0
2024-10-17 16:00:50,846 DEBUG: http://localhost:51175 "POST /session/d351df03bc9f8fb2402daaa8f29bf2db/element/f.CA5CABE4DC79B0C5F5889FC4CF7277E7.d.A71477B02B7FFEF647B72D40DE8B77B7.e.3/clear HTTP/11" 200 0
2024-10-17 16:00:50,943 DEBUG: http://localhost:51175 "POST /session/d351df03bc9f8fb2402daaa8f29bf2db/element/f.CA5CABE4DC79B0C5F5889FC4CF7277E7.d.A71477B02B7FFEF647B72D40DE8B77B7.e.3/value HTTP/11" 200 0
2024-10-17 16:00:51,172 DEBUG: http://localhost:51175 "POST /session/d351df03bc9f8fb2402daaa8f29bf2db/element/f.CA5CABE4DC79B0C5F5889FC4CF7277E7.d.A71477B02B7FFEF647B72D40DE8B77B7.e.3/value HTTP/11" 200 0
2024-10-17 16:00:51,328 DEBUG: http://localhost:51175 "POST /session/d351df03bc9f8fb2402daaa8f29bf2db/element/f.CA5CABE4DC79B0C5F5889FC4CF7277E7.d.A71477B02B7FFEF647B72D40DE8B77B7.e.3/value HTTP/11" 200 0
2024-10-17 16:00:51,451 DEBUG: http://localhost:51175 "POST /session/d351df03bc9f8fb2402daaa8f29bf2db/element/f.CA5CABE4DC79B0C5F5889FC4CF7277E7.d.A71477B02B7FFEF647B72D40DE8B77B7.e.3/value HTTP/11" 200 0
2024-10-17 16:00:51,628 DEBUG: http://localhost:51175 "POST /session/d351df03bc9f8fb2402daaa8f29bf2db/element/f.CA5CABE4DC79B0C5F5889FC4CF7277E7.d.A71477B02B7FFEF647B72D40DE8B77B7.e.3/value HTTP/11" 200 0
2024-10-17 16:00:51,892 DEBUG: http://localhost:51175 "POST /session/d351df03bc9f8fb2402daaa8f29bf2db/element/f.CA5CABE4DC79B0C5F5889FC4CF7277E7.d.A71477B02B7FFEF647B72D40DE8B77B7.e.3/value HTTP/11" 200 0
2024-10-17 16:00:52,057 DEBUG: http://localhost:51175 "POST /session/d351df03bc9f8fb2402daaa8f29bf2db/element/f.CA5CABE4DC79B0C5F5889FC4CF7277E7.d.A71477B02B7FFEF647B72D40DE8B77B7.e.3/value HTTP/11" 200 0
2024-10-17 16:00:52,374 DEBUG: http://localhost:51175 "POST /session/d351df03bc9f8fb2402daaa8f29bf2db/element/f.CA5CABE4DC79B0C5F5889FC4CF7277E7.d.A71477B02B7FFEF647B72D40DE8B77B7.e.3/value HTTP/11" 200 0
2024-10-17 16:00:52,598 DEBUG: http://localhost:51175 "POST /session/d351df03bc9f8fb2402daaa8f29bf2db/element/f.CA5CABE4DC79B0C5F5889FC4CF7277E7.d.A71477B02B7FFEF647B72D40DE8B77B7.e.3/value HTTP/11" 200 0
2024-10-17 16:00:52,906 DEBUG: http://localhost:51175 "POST /session/d351df03bc9f8fb2402daaa8f29bf2db/element/f.CA5CABE4DC79B0C5F5889FC4CF7277E7.d.A71477B02B7FFEF647B72D40DE8B77B7.e.3/value HTTP/11" 200 0
2024-10-17 16:00:53,131 DEBUG: http://localhost:51175 "POST /session/d351df03bc9f8fb2402daaa8f29bf2db/element/f.CA5CABE4DC79B0C5F5889FC4CF7277E7.d.A71477B02B7FFEF647B72D40DE8B77B7.e.3/value HTTP/11" 200 0
2024-10-17 16:00:53,338 DEBUG: http://localhost:51175 "POST /session/d351df03bc9f8fb2402daaa8f29bf2db/element/f.CA5CABE4DC79B0C5F5889FC4CF7277E7.d.A71477B02B7FFEF647B72D40DE8B77B7.e.3/value HTTP/11" 200 0
2024-10-17 16:00:53,640 DEBUG: http://localhost:51175 "POST /session/d351df03bc9f8fb2402daaa8f29bf2db/element/f.CA5CABE4DC79B0C5F5889FC4CF7277E7.d.A71477B02B7FFEF647B72D40DE8B77B7.e.3/value HTTP/11" 200 0
2024-10-17 16:00:53,822 DEBUG: http://localhost:51175 "POST /session/d351df03bc9f8fb2402daaa8f29bf2db/element/f.CA5CABE4DC79B0C5F5889FC4CF7277E7.d.A71477B02B7FFEF647B72D40DE8B77B7.e.3/value HTTP/11" 200 0
2024-10-17 16:00:54,020 DEBUG: http://localhost:51175 "POST /session/d351df03bc9f8fb2402daaa8f29bf2db/element/f.CA5CABE4DC79B0C5F5889FC4CF7277E7.d.A71477B02B7FFEF647B72D40DE8B77B7.e.3/value HTTP/11" 200 0
2024-10-17 16:00:54,299 DEBUG: http://localhost:51175 "POST /session/d351df03bc9f8fb2402daaa8f29bf2db/element/f.CA5CABE4DC79B0C5F5889FC4CF7277E7.d.A71477B02B7FFEF647B72D40DE8B77B7.e.3/value HTTP/11" 200 0
2024-10-17 16:00:54,542 DEBUG: http://localhost:51175 "POST /session/d351df03bc9f8fb2402daaa8f29bf2db/element/f.CA5CABE4DC79B0C5F5889FC4CF7277E7.d.A71477B02B7FFEF647B72D40DE8B77B7.e.3/value HTTP/11" 200 0
2024-10-17 16:00:54,818 DEBUG: http://localhost:51175 "POST /session/d351df03bc9f8fb2402daaa8f29bf2db/element/f.CA5CABE4DC79B0C5F5889FC4CF7277E7.d.A71477B02B7FFEF647B72D40DE8B77B7.e.3/value HTTP/11" 200 0
2024-10-17 16:00:54,974 DEBUG: http://localhost:51175 "POST /session/d351df03bc9f8fb2402daaa8f29bf2db/element/f.CA5CABE4DC79B0C5F5889FC4CF7277E7.d.A71477B02B7FFEF647B72D40DE8B77B7.e.3/value HTTP/11" 200 0
2024-10-17 16:00:55,180 DEBUG: http://localhost:51175 "POST /session/d351df03bc9f8fb2402daaa8f29bf2db/element HTTP/11" 200 0
2024-10-17 16:00:55,198 DEBUG: http://localhost:51175 "POST /session/d351df03bc9f8fb2402daaa8f29bf2db/element/f.CA5CABE4DC79B0C5F5889FC4CF7277E7.d.A71477B02B7FFEF647B72D40DE8B77B7.e.3/clear HTTP/11" 200 0
2024-10-17 16:00:55,220 DEBUG: http://localhost:51175 "POST /session/d351df03bc9f8fb2402daaa8f29bf2db/element/f.CA5CABE4DC79B0C5F5889FC4CF7277E7.d.A71477B02B7FFEF647B72D40DE8B77B7.e.3/value HTTP/11" 200 0
2024-10-17 16:00:55,526 DEBUG: http://localhost:51175 "POST /session/d351df03bc9f8fb2402daaa8f29bf2db/element/f.CA5CABE4DC79B0C5F5889FC4CF7277E7.d.A71477B02B7FFEF647B72D40DE8B77B7.e.3/value HTTP/11" 200 0
2024-10-17 16:00:55,708 DEBUG: http://localhost:51175 "POST /session/d351df03bc9f8fb2402daaa8f29bf2db/element/f.CA5CABE4DC79B0C5F5889FC4CF7277E7.d.A71477B02B7FFEF647B72D40DE8B77B7.e.3/value HTTP/11" 200 0
2024-10-17 16:00:56,005 DEBUG: http://localhost:51175 "POST /session/d351df03bc9f8fb2402daaa8f29bf2db/element/f.CA5CABE4DC79B0C5F5889FC4CF7277E7.d.A71477B02B7FFEF647B72D40DE8B77B7.e.3/value HTTP/11" 200 0
2024-10-17 16:00:56,131 DEBUG: http://localhost:51175 "POST /session/d351df03bc9f8fb2402daaa8f29bf2db/element/f.CA5CABE4DC79B0C5F5889FC4CF7277E7.d.A71477B02B7FFEF647B72D40DE8B77B7.e.3/value HTTP/11" 200 0
2024-10-17 16:00:56,349 DEBUG: http://localhost:51175 "POST /session/d351df03bc9f8fb2402daaa8f29bf2db/element/f.CA5CABE4DC79B0C5F5889FC4CF7277E7.d.A71477B02B7FFEF647B72D40DE8B77B7.e.3/value HTTP/11" 200 0
2024-10-17 16:00:56,567 DEBUG: http://localhost:51175 "POST /session/d351df03bc9f8fb2402daaa8f29bf2db/element/f.CA5CABE4DC79B0C5F5889FC4CF7277E7.d.A71477B02B7FFEF647B72D40DE8B77B7.e.3/value HTTP/11" 200 0
2024-10-17 16:00:56,849 DEBUG: http://localhost:51175 "POST /session/d351df03bc9f8fb2402daaa8f29bf2db/element/f.CA5CABE4DC79B0C5F5889FC4CF7277E7.d.A71477B02B7FFEF647B72D40DE8B77B7.e.3/value HTTP/11" 200 0
2024-10-17 16:00:57,079 DEBUG: http://localhost:51175 "POST /session/d351df03bc9f8fb2402daaa8f29bf2db/element/f.CA5CABE4DC79B0C5F5889FC4CF7277E7.d.A71477B02B7FFEF647B72D40DE8B77B7.e.3/value HTTP/11" 200 0
2024-10-17 16:00:57,323 DEBUG: http://localhost:51175 "POST /session/d351df03bc9f8fb2402daaa8f29bf2db/element/f.CA5CABE4DC79B0C5F5889FC4CF7277E7.d.A71477B02B7FFEF647B72D40DE8B77B7.e.3/value HTTP/11" 200 0
2024-10-17 16:00:57,473 DEBUG: http://localhost:51175 "POST /session/d351df03bc9f8fb2402daaa8f29bf2db/element/f.CA5CABE4DC79B0C5F5889FC4CF7277E7.d.A71477B02B7FFEF647B72D40DE8B77B7.e.3/value HTTP/11" 200 0
2024-10-17 16:00:57,711 DEBUG: http://localhost:51175 "POST /session/d351df03bc9f8fb2402daaa8f29bf2db/element/f.CA5CABE4DC79B0C5F5889FC4CF7277E7.d.A71477B02B7FFEF647B72D40DE8B77B7.e.3/value HTTP/11" 200 0
2024-10-17 16:00:58,008 DEBUG: http://localhost:51175 "POST /session/d351df03bc9f8fb2402daaa8f29bf2db/element/f.CA5CABE4DC79B0C5F5889FC4CF7277E7.d.A71477B02B7FFEF647B72D40DE8B77B7.e.3/value HTTP/11" 200 0
2024-10-17 16:00:58,307 DEBUG: http://localhost:51175 "POST /session/d351df03bc9f8fb2402daaa8f29bf2db/element/f.CA5CABE4DC79B0C5F5889FC4CF7277E7.d.A71477B02B7FFEF647B72D40DE8B77B7.e.3/value HTTP/11" 200 0
2024-10-17 16:00:58,466 DEBUG: http://localhost:51175 "POST /session/d351df03bc9f8fb2402daaa8f29bf2db/element/f.CA5CABE4DC79B0C5F5889FC4CF7277E7.d.A71477B02B7FFEF647B72D40DE8B77B7.e.3/value HTTP/11" 200 0
2024-10-17 16:00:58,642 DEBUG: http://localhost:51175 "POST /session/d351df03bc9f8fb2402daaa8f29bf2db/element/f.CA5CABE4DC79B0C5F5889FC4CF7277E7.d.A71477B02B7FFEF647B72D40DE8B77B7.e.3/value HTTP/11" 200 0
2024-10-17 16:00:58,821 DEBUG: http://localhost:51175 "POST /session/d351df03bc9f8fb2402daaa8f29bf2db/element/f.CA5CABE4DC79B0C5F5889FC4CF7277E7.d.A71477B02B7FFEF647B72D40DE8B77B7.e.3/value HTTP/11" 200 0
2024-10-17 16:00:59,019 DEBUG: http://localhost:51175 "POST /session/d351df03bc9f8fb2402daaa8f29bf2db/element/f.CA5CABE4DC79B0C5F5889FC4CF7277E7.d.A71477B02B7FFEF647B72D40DE8B77B7.e.3/value HTTP/11" 200 0
2024-10-17 16:00:59,262 DEBUG: http://localhost:51175 "POST /session/d351df03bc9f8fb2402daaa8f29bf2db/element/f.CA5CABE4DC79B0C5F5889FC4CF7277E7.d.A71477B02B7FFEF647B72D40DE8B77B7.e.3/value HTTP/11" 200 0
2024-10-17 16:00:59,438 DEBUG: http://localhost:51175 "POST /session/d351df03bc9f8fb2402daaa8f29bf2db/execute/sync HTTP/11" 200 0
2024-10-17 16:01:54,575 INFO: Logger initlized
2024-10-17 16:01:54,966 INFO: Debug=True ChromeDriverManager installed in /Users/toshal.ghimire/Desktop/JScraper/app/JobScrapers/chromedriver
2024-10-17 16:01:55,018 DEBUG: Starting new HTTP connection (1): localhost:51654
2024-10-17 16:01:56,294 DEBUG: http://localhost:51654 "POST /session HTTP/11" 200 0
2024-10-17 16:01:57,424 DEBUG: http://localhost:51654 "POST /session/22aa1362feb45c9496ef33a70b34c493/url HTTP/11" 200 0
2024-10-17 16:02:09,051 DEBUG: http://localhost:51654 "POST /session/22aa1362feb45c9496ef33a70b34c493/element HTTP/11" 200 0
2024-10-17 16:02:09,072 DEBUG: http://localhost:51654 "POST /session/22aa1362feb45c9496ef33a70b34c493/element/f.EE2ACC7CE3882E34353884E4A78AF363.d.01A28F4757FB8E0443D146F373C335B3.e.3/clear HTTP/11" 200 0
2024-10-17 16:02:09,168 DEBUG: http://localhost:51654 "POST /session/22aa1362feb45c9496ef33a70b34c493/element/f.EE2ACC7CE3882E34353884E4A78AF363.d.01A28F4757FB8E0443D146F373C335B3.e.3/value HTTP/11" 200 0
2024-10-17 16:02:09,344 DEBUG: http://localhost:51654 "POST /session/22aa1362feb45c9496ef33a70b34c493/element/f.EE2ACC7CE3882E34353884E4A78AF363.d.01A28F4757FB8E0443D146F373C335B3.e.3/value HTTP/11" 200 0
2024-10-17 16:02:09,633 DEBUG: http://localhost:51654 "POST /session/22aa1362feb45c9496ef33a70b34c493/element/f.EE2ACC7CE3882E34353884E4A78AF363.d.01A28F4757FB8E0443D146F373C335B3.e.3/value HTTP/11" 200 0
2024-10-17 16:02:09,771 DEBUG: http://localhost:51654 "POST /session/22aa1362feb45c9496ef33a70b34c493/element/f.EE2ACC7CE3882E34353884E4A78AF363.d.01A28F4757FB8E0443D146F373C335B3.e.3/value HTTP/11" 200 0
2024-10-17 16:02:09,952 DEBUG: http://localhost:51654 "POST /session/22aa1362feb45c9496ef33a70b34c493/element/f.EE2ACC7CE3882E34353884E4A78AF363.d.01A28F4757FB8E0443D146F373C335B3.e.3/value HTTP/11" 200 0
2024-10-17 16:02:10,202 DEBUG: http://localhost:51654 "POST /session/22aa1362feb45c9496ef33a70b34c493/element/f.EE2ACC7CE3882E34353884E4A78AF363.d.01A28F4757FB8E0443D146F373C335B3.e.3/value HTTP/11" 200 0
2024-10-17 16:02:10,495 DEBUG: http://localhost:51654 "POST /session/22aa1362feb45c9496ef33a70b34c493/element/f.EE2ACC7CE3882E34353884E4A78AF363.d.01A28F4757FB8E0443D146F373C335B3.e.3/value HTTP/11" 200 0
2024-10-17 16:02:10,741 DEBUG: http://localhost:51654 "POST /session/22aa1362feb45c9496ef33a70b34c493/element/f.EE2ACC7CE3882E34353884E4A78AF363.d.01A28F4757FB8E0443D146F373C335B3.e.3/value HTTP/11" 200 0
2024-10-17 16:02:11,012 DEBUG: http://localhost:51654 "POST /session/22aa1362feb45c9496ef33a70b34c493/element/f.EE2ACC7CE3882E34353884E4A78AF363.d.01A28F4757FB8E0443D146F373C335B3.e.3/value HTTP/11" 200 0
2024-10-17 16:02:11,226 DEBUG: http://localhost:51654 "POST /session/22aa1362feb45c9496ef33a70b34c493/element/f.EE2ACC7CE3882E34353884E4A78AF363.d.01A28F4757FB8E0443D146F373C335B3.e.3/value HTTP/11" 200 0
2024-10-17 16:02:11,394 DEBUG: http://localhost:51654 "POST /session/22aa1362feb45c9496ef33a70b34c493/element/f.EE2ACC7CE3882E34353884E4A78AF363.d.01A28F4757FB8E0443D146F373C335B3.e.3/value HTTP/11" 200 0
2024-10-17 16:02:11,527 DEBUG: http://localhost:51654 "POST /session/22aa1362feb45c9496ef33a70b34c493/element/f.EE2ACC7CE3882E34353884E4A78AF363.d.01A28F4757FB8E0443D146F373C335B3.e.3/value HTTP/11" 200 0
2024-10-17 16:02:11,687 DEBUG: http://localhost:51654 "POST /session/22aa1362feb45c9496ef33a70b34c493/element/f.EE2ACC7CE3882E34353884E4A78AF363.d.01A28F4757FB8E0443D146F373C335B3.e.3/value HTTP/11" 200 0
2024-10-17 16:02:11,859 DEBUG: http://localhost:51654 "POST /session/22aa1362feb45c9496ef33a70b34c493/element/f.EE2ACC7CE3882E34353884E4A78AF363.d.01A28F4757FB8E0443D146F373C335B3.e.3/value HTTP/11" 200 0
2024-10-17 16:02:12,009 DEBUG: http://localhost:51654 "POST /session/22aa1362feb45c9496ef33a70b34c493/element/f.EE2ACC7CE3882E34353884E4A78AF363.d.01A28F4757FB8E0443D146F373C335B3.e.3/value HTTP/11" 200 0
2024-10-17 16:02:12,193 DEBUG: http://localhost:51654 "POST /session/22aa1362feb45c9496ef33a70b34c493/element/f.EE2ACC7CE3882E34353884E4A78AF363.d.01A28F4757FB8E0443D146F373C335B3.e.3/value HTTP/11" 200 0
2024-10-17 16:02:12,345 DEBUG: http://localhost:51654 "POST /session/22aa1362feb45c9496ef33a70b34c493/element/f.EE2ACC7CE3882E34353884E4A78AF363.d.01A28F4757FB8E0443D146F373C335B3.e.3/value HTTP/11" 200 0
2024-10-17 16:02:12,493 DEBUG: http://localhost:51654 "POST /session/22aa1362feb45c9496ef33a70b34c493/element/f.EE2ACC7CE3882E34353884E4A78AF363.d.01A28F4757FB8E0443D146F373C335B3.e.3/value HTTP/11" 200 0
2024-10-17 16:02:12,671 DEBUG: http://localhost:51654 "POST /session/22aa1362feb45c9496ef33a70b34c493/element/f.EE2ACC7CE3882E34353884E4A78AF363.d.01A28F4757FB8E0443D146F373C335B3.e.3/value HTTP/11" 200 0
2024-10-17 16:02:12,928 DEBUG: http://localhost:51654 "POST /session/22aa1362feb45c9496ef33a70b34c493/element HTTP/11" 200 0
2024-10-17 16:02:12,941 DEBUG: http://localhost:51654 "POST /session/22aa1362feb45c9496ef33a70b34c493/element/f.EE2ACC7CE3882E34353884E4A78AF363.d.01A28F4757FB8E0443D146F373C335B3.e.5/clear HTTP/11" 200 0
2024-10-17 16:02:12,971 DEBUG: http://localhost:51654 "POST /session/22aa1362feb45c9496ef33a70b34c493/element/f.EE2ACC7CE3882E34353884E4A78AF363.d.01A28F4757FB8E0443D146F373C335B3.e.5/value HTTP/11" 200 0
2024-10-17 16:02:13,262 DEBUG: http://localhost:51654 "POST /session/22aa1362feb45c9496ef33a70b34c493/element/f.EE2ACC7CE3882E34353884E4A78AF363.d.01A28F4757FB8E0443D146F373C335B3.e.5/value HTTP/11" 200 0
2024-10-17 16:02:13,580 DEBUG: http://localhost:51654 "POST /session/22aa1362feb45c9496ef33a70b34c493/element/f.EE2ACC7CE3882E34353884E4A78AF363.d.01A28F4757FB8E0443D146F373C335B3.e.5/value HTTP/11" 200 0
2024-10-17 16:02:13,879 DEBUG: http://localhost:51654 "POST /session/22aa1362feb45c9496ef33a70b34c493/element/f.EE2ACC7CE3882E34353884E4A78AF363.d.01A28F4757FB8E0443D146F373C335B3.e.5/value HTTP/11" 200 0
2024-10-17 16:02:14,121 DEBUG: http://localhost:51654 "POST /session/22aa1362feb45c9496ef33a70b34c493/element/f.EE2ACC7CE3882E34353884E4A78AF363.d.01A28F4757FB8E0443D146F373C335B3.e.5/value HTTP/11" 200 0
2024-10-17 16:02:14,337 DEBUG: http://localhost:51654 "POST /session/22aa1362feb45c9496ef33a70b34c493/element/f.EE2ACC7CE3882E34353884E4A78AF363.d.01A28F4757FB8E0443D146F373C335B3.e.5/value HTTP/11" 200 0
2024-10-17 16:02:14,504 DEBUG: http://localhost:51654 "POST /session/22aa1362feb45c9496ef33a70b34c493/element/f.EE2ACC7CE3882E34353884E4A78AF363.d.01A28F4757FB8E0443D146F373C335B3.e.5/value HTTP/11" 200 0
2024-10-17 16:02:14,763 DEBUG: http://localhost:51654 "POST /session/22aa1362feb45c9496ef33a70b34c493/element/f.EE2ACC7CE3882E34353884E4A78AF363.d.01A28F4757FB8E0443D146F373C335B3.e.5/value HTTP/11" 200 0
2024-10-17 16:02:14,942 DEBUG: http://localhost:51654 "POST /session/22aa1362feb45c9496ef33a70b34c493/element/f.EE2ACC7CE3882E34353884E4A78AF363.d.01A28F4757FB8E0443D146F373C335B3.e.5/value HTTP/11" 200 0
2024-10-17 16:02:15,163 DEBUG: http://localhost:51654 "POST /session/22aa1362feb45c9496ef33a70b34c493/element/f.EE2ACC7CE3882E34353884E4A78AF363.d.01A28F4757FB8E0443D146F373C335B3.e.5/value HTTP/11" 200 0
2024-10-17 16:02:15,386 DEBUG: http://localhost:51654 "POST /session/22aa1362feb45c9496ef33a70b34c493/element/f.EE2ACC7CE3882E34353884E4A78AF363.d.01A28F4757FB8E0443D146F373C335B3.e.5/value HTTP/11" 200 0
2024-10-17 16:02:15,700 DEBUG: http://localhost:51654 "POST /session/22aa1362feb45c9496ef33a70b34c493/element/f.EE2ACC7CE3882E34353884E4A78AF363.d.01A28F4757FB8E0443D146F373C335B3.e.5/value HTTP/11" 200 0
2024-10-17 16:02:15,926 DEBUG: http://localhost:51654 "POST /session/22aa1362feb45c9496ef33a70b34c493/element/f.EE2ACC7CE3882E34353884E4A78AF363.d.01A28F4757FB8E0443D146F373C335B3.e.5/value HTTP/11" 200 0
2024-10-17 16:02:16,061 DEBUG: http://localhost:51654 "POST /session/22aa1362feb45c9496ef33a70b34c493/element/f.EE2ACC7CE3882E34353884E4A78AF363.d.01A28F4757FB8E0443D146F373C335B3.e.5/value HTTP/11" 200 0
2024-10-17 16:02:16,396 DEBUG: http://localhost:51654 "POST /session/22aa1362feb45c9496ef33a70b34c493/element/f.EE2ACC7CE3882E34353884E4A78AF363.d.01A28F4757FB8E0443D146F373C335B3.e.5/value HTTP/11" 200 0
2024-10-17 16:02:16,553 DEBUG: http://localhost:51654 "POST /session/22aa1362feb45c9496ef33a70b34c493/element/f.EE2ACC7CE3882E34353884E4A78AF363.d.01A28F4757FB8E0443D146F373C335B3.e.5/value HTTP/11" 200 0
2024-10-17 16:02:16,869 DEBUG: http://localhost:51654 "POST /session/22aa1362feb45c9496ef33a70b34c493/element/f.EE2ACC7CE3882E34353884E4A78AF363.d.01A28F4757FB8E0443D146F373C335B3.e.5/value HTTP/11" 200 0
2024-10-17 16:02:17,111 DEBUG: http://localhost:51654 "POST /session/22aa1362feb45c9496ef33a70b34c493/element/f.EE2ACC7CE3882E34353884E4A78AF363.d.01A28F4757FB8E0443D146F373C335B3.e.5/value HTTP/11" 200 0
2024-10-17 16:02:17,368 DEBUG: http://localhost:51654 "POST /session/22aa1362feb45c9496ef33a70b34c493/element/f.EE2ACC7CE3882E34353884E4A78AF363.d.01A28F4757FB8E0443D146F373C335B3.e.5/value HTTP/11" 200 0
2024-10-17 16:02:17,621 DEBUG: http://localhost:51654 "POST /session/22aa1362feb45c9496ef33a70b34c493/execute/sync HTTP/11" 200 0
2024-10-17 16:02:28,610 INFO: Logger initlized
2024-10-17 16:02:28,990 INFO: Debug=True ChromeDriverManager installed in /Users/toshal.ghimire/Desktop/JScraper/app/JobScrapers/chromedriver
2024-10-17 16:02:29,056 DEBUG: Starting new HTTP connection (1): localhost:51911
2024-10-17 16:02:29,873 DEBUG: http://localhost:51911 "POST /session HTTP/11" 200 0
2024-10-17 16:02:31,142 DEBUG: http://localhost:51911 "POST /session/c4c007e03f62ea2aecf1a292fa05777c/url HTTP/11" 200 0
2024-10-17 16:02:34,155 DEBUG: http://localhost:51911 "POST /session/c4c007e03f62ea2aecf1a292fa05777c/element HTTP/11" 200 0
2024-10-17 16:02:34,174 DEBUG: http://localhost:51911 "POST /session/c4c007e03f62ea2aecf1a292fa05777c/element/f.452537F819FBA7E1E9A53255EB19337A.d.010ADDA530A724EFC9EE14E4994D0891.e.3/clear HTTP/11" 200 0
2024-10-17 16:02:34,262 DEBUG: http://localhost:51911 "POST /session/c4c007e03f62ea2aecf1a292fa05777c/element/f.452537F819FBA7E1E9A53255EB19337A.d.010ADDA530A724EFC9EE14E4994D0891.e.3/value HTTP/11" 200 0
2024-10-17 16:02:34,429 DEBUG: http://localhost:51911 "POST /session/c4c007e03f62ea2aecf1a292fa05777c/element/f.452537F819FBA7E1E9A53255EB19337A.d.010ADDA530A724EFC9EE14E4994D0891.e.3/value HTTP/11" 200 0
2024-10-17 16:02:34,699 DEBUG: http://localhost:51911 "POST /session/c4c007e03f62ea2aecf1a292fa05777c/element/f.452537F819FBA7E1E9A53255EB19337A.d.010ADDA530A724EFC9EE14E4994D0891.e.3/value HTTP/11" 200 0
2024-10-17 16:02:34,867 DEBUG: http://localhost:51911 "POST /session/c4c007e03f62ea2aecf1a292fa05777c/element/f.452537F819FBA7E1E9A53255EB19337A.d.010ADDA530A724EFC9EE14E4994D0891.e.3/value HTTP/11" 200 0
2024-10-17 16:02:35,076 DEBUG: http://localhost:51911 "POST /session/c4c007e03f62ea2aecf1a292fa05777c/element/f.452537F819FBA7E1E9A53255EB19337A.d.010ADDA530A724EFC9EE14E4994D0891.e.3/value HTTP/11" 200 0
2024-10-17 16:02:35,296 DEBUG: http://localhost:51911 "POST /session/c4c007e03f62ea2aecf1a292fa05777c/element/f.452537F819FBA7E1E9A53255EB19337A.d.010ADDA530A724EFC9EE14E4994D0891.e.3/value HTTP/11" 200 0
2024-10-17 16:02:35,610 DEBUG: http://localhost:51911 "POST /session/c4c007e03f62ea2aecf1a292fa05777c/element/f.452537F819FBA7E1E9A53255EB19337A.d.010ADDA530A724EFC9EE14E4994D0891.e.3/value HTTP/11" 200 0
2024-10-17 16:02:35,940 DEBUG: http://localhost:51911 "POST /session/c4c007e03f62ea2aecf1a292fa05777c/element/f.452537F819FBA7E1E9A53255EB19337A.d.010ADDA530A724EFC9EE14E4994D0891.e.3/value HTTP/11" 200 0
2024-10-17 16:02:36,245 DEBUG: http://localhost:51911 "POST /session/c4c007e03f62ea2aecf1a292fa05777c/element/f.452537F819FBA7E1E9A53255EB19337A.d.010ADDA530A724EFC9EE14E4994D0891.e.3/value HTTP/11" 200 0
2024-10-17 16:02:36,452 DEBUG: http://localhost:51911 "POST /session/c4c007e03f62ea2aecf1a292fa05777c/element/f.452537F819FBA7E1E9A53255EB19337A.d.010ADDA530A724EFC9EE14E4994D0891.e.3/value HTTP/11" 200 0
2024-10-17 16:02:36,644 DEBUG: http://localhost:51911 "POST /session/c4c007e03f62ea2aecf1a292fa05777c/element/f.452537F819FBA7E1E9A53255EB19337A.d.010ADDA530A724EFC9EE14E4994D0891.e.3/value HTTP/11" 200 0
2024-10-17 16:02:36,924 DEBUG: http://localhost:51911 "POST /session/c4c007e03f62ea2aecf1a292fa05777c/element/f.452537F819FBA7E1E9A53255EB19337A.d.010ADDA530A724EFC9EE14E4994D0891.e.3/value HTTP/11" 200 0
2024-10-17 16:02:37,238 DEBUG: http://localhost:51911 "POST /session/c4c007e03f62ea2aecf1a292fa05777c/element/f.452537F819FBA7E1E9A53255EB19337A.d.010ADDA530A724EFC9EE14E4994D0891.e.3/value HTTP/11" 200 0
2024-10-17 16:02:37,386 DEBUG: http://localhost:51911 "POST /session/c4c007e03f62ea2aecf1a292fa05777c/element/f.452537F819FBA7E1E9A53255EB19337A.d.010ADDA530A724EFC9EE14E4994D0891.e.3/value HTTP/11" 200 0
2024-10-17 16:02:37,697 DEBUG: http://localhost:51911 "POST /session/c4c007e03f62ea2aecf1a292fa05777c/element/f.452537F819FBA7E1E9A53255EB19337A.d.010ADDA530A724EFC9EE14E4994D0891.e.3/value HTTP/11" 200 0
2024-10-17 16:02:37,859 DEBUG: http://localhost:51911 "POST /session/c4c007e03f62ea2aecf1a292fa05777c/element/f.452537F819FBA7E1E9A53255EB19337A.d.010ADDA530A724EFC9EE14E4994D0891.e.3/value HTTP/11" 200 0
2024-10-17 16:02:38,083 DEBUG: http://localhost:51911 "POST /session/c4c007e03f62ea2aecf1a292fa05777c/element/f.452537F819FBA7E1E9A53255EB19337A.d.010ADDA530A724EFC9EE14E4994D0891.e.3/value HTTP/11" 200 0
2024-10-17 16:02:38,318 DEBUG: http://localhost:51911 "POST /session/c4c007e03f62ea2aecf1a292fa05777c/element/f.452537F819FBA7E1E9A53255EB19337A.d.010ADDA530A724EFC9EE14E4994D0891.e.3/value HTTP/11" 200 0
2024-10-17 16:02:38,611 DEBUG: http://localhost:51911 "POST /session/c4c007e03f62ea2aecf1a292fa05777c/element/f.452537F819FBA7E1E9A53255EB19337A.d.010ADDA530A724EFC9EE14E4994D0891.e.3/value HTTP/11" 200 0
2024-10-17 16:02:38,834 DEBUG: http://localhost:51911 "POST /session/c4c007e03f62ea2aecf1a292fa05777c/element HTTP/11" 200 0
2024-10-17 16:02:38,853 DEBUG: http://localhost:51911 "POST /session/c4c007e03f62ea2aecf1a292fa05777c/element/f.452537F819FBA7E1E9A53255EB19337A.d.010ADDA530A724EFC9EE14E4994D0891.e.5/clear HTTP/11" 200 0
2024-10-17 16:02:38,884 DEBUG: http://localhost:51911 "POST /session/c4c007e03f62ea2aecf1a292fa05777c/element/f.452537F819FBA7E1E9A53255EB19337A.d.010ADDA530A724EFC9EE14E4994D0891.e.5/value HTTP/11" 200 0
2024-10-17 16:02:39,118 DEBUG: http://localhost:51911 "POST /session/c4c007e03f62ea2aecf1a292fa05777c/element/f.452537F819FBA7E1E9A53255EB19337A.d.010ADDA530A724EFC9EE14E4994D0891.e.5/value HTTP/11" 200 0
2024-10-17 16:02:39,313 DEBUG: http://localhost:51911 "POST /session/c4c007e03f62ea2aecf1a292fa05777c/element/f.452537F819FBA7E1E9A53255EB19337A.d.010ADDA530A724EFC9EE14E4994D0891.e.5/value HTTP/11" 200 0
2024-10-17 16:02:39,620 DEBUG: http://localhost:51911 "POST /session/c4c007e03f62ea2aecf1a292fa05777c/element/f.452537F819FBA7E1E9A53255EB19337A.d.010ADDA530A724EFC9EE14E4994D0891.e.5/value HTTP/11" 200 0
2024-10-17 16:02:39,901 DEBUG: http://localhost:51911 "POST /session/c4c007e03f62ea2aecf1a292fa05777c/element/f.452537F819FBA7E1E9A53255EB19337A.d.010ADDA530A724EFC9EE14E4994D0891.e.5/value HTTP/11" 200 0
2024-10-17 16:02:40,177 DEBUG: http://localhost:51911 "POST /session/c4c007e03f62ea2aecf1a292fa05777c/element/f.452537F819FBA7E1E9A53255EB19337A.d.010ADDA530A724EFC9EE14E4994D0891.e.5/value HTTP/11" 200 0
2024-10-17 16:02:40,351 DEBUG: http://localhost:51911 "POST /session/c4c007e03f62ea2aecf1a292fa05777c/execute/sync HTTP/11" 200 0
2024-10-17 16:05:37,672 INFO: Logger initlized
2024-10-17 16:05:38,077 INFO: Debug=True ChromeDriverManager installed in /Users/toshal.ghimire/Desktop/JScraper/app/JobScrapers/chromedriver
2024-10-17 16:05:38,190 DEBUG: Starting new HTTP connection (1): localhost:53161
2024-10-17 16:05:40,083 DEBUG: http://localhost:53161 "POST /session HTTP/11" 200 0
2024-10-17 16:05:40,594 DEBUG: http://localhost:53161 "POST /session/4aa2fecad210c58c343b80bcb1a49c3e/url HTTP/11" 200 0
2024-10-17 16:05:42,606 DEBUG: http://localhost:53161 "POST /session/4aa2fecad210c58c343b80bcb1a49c3e/element HTTP/11" 200 0
2024-10-17 16:05:42,623 DEBUG: http://localhost:53161 "POST /session/4aa2fecad210c58c343b80bcb1a49c3e/element/f.FF9195C970CC30A8AB92193F9ADCA1FA.d.9A5A83F3197902FF835182B8FE22893E.e.3/clear HTTP/11" 200 0
2024-10-17 16:05:42,719 DEBUG: http://localhost:53161 "POST /session/4aa2fecad210c58c343b80bcb1a49c3e/element/f.FF9195C970CC30A8AB92193F9ADCA1FA.d.9A5A83F3197902FF835182B8FE22893E.e.3/value HTTP/11" 200 0
2024-10-17 16:05:42,915 DEBUG: http://localhost:53161 "POST /session/4aa2fecad210c58c343b80bcb1a49c3e/element/f.FF9195C970CC30A8AB92193F9ADCA1FA.d.9A5A83F3197902FF835182B8FE22893E.e.3/value HTTP/11" 200 0
2024-10-17 16:05:43,096 DEBUG: http://localhost:53161 "POST /session/4aa2fecad210c58c343b80bcb1a49c3e/element/f.FF9195C970CC30A8AB92193F9ADCA1FA.d.9A5A83F3197902FF835182B8FE22893E.e.3/value HTTP/11" 200 0
2024-10-17 16:05:43,411 DEBUG: http://localhost:53161 "POST /session/4aa2fecad210c58c343b80bcb1a49c3e/element/f.FF9195C970CC30A8AB92193F9ADCA1FA.d.9A5A83F3197902FF835182B8FE22893E.e.3/value HTTP/11" 200 0
2024-10-17 16:05:43,716 DEBUG: http://localhost:53161 "POST /session/4aa2fecad210c58c343b80bcb1a49c3e/element/f.FF9195C970CC30A8AB92193F9ADCA1FA.d.9A5A83F3197902FF835182B8FE22893E.e.3/value HTTP/11" 200 0
2024-10-17 16:05:44,029 DEBUG: http://localhost:53161 "POST /session/4aa2fecad210c58c343b80bcb1a49c3e/element/f.FF9195C970CC30A8AB92193F9ADCA1FA.d.9A5A83F3197902FF835182B8FE22893E.e.3/value HTTP/11" 200 0
2024-10-17 16:05:44,289 DEBUG: http://localhost:53161 "POST /session/4aa2fecad210c58c343b80bcb1a49c3e/element/f.FF9195C970CC30A8AB92193F9ADCA1FA.d.9A5A83F3197902FF835182B8FE22893E.e.3/value HTTP/11" 200 0
2024-10-17 16:05:44,549 DEBUG: http://localhost:53161 "POST /session/4aa2fecad210c58c343b80bcb1a49c3e/element/f.FF9195C970CC30A8AB92193F9ADCA1FA.d.9A5A83F3197902FF835182B8FE22893E.e.3/value HTTP/11" 200 0
2024-10-17 16:05:44,715 DEBUG: http://localhost:53161 "POST /session/4aa2fecad210c58c343b80bcb1a49c3e/element/f.FF9195C970CC30A8AB92193F9ADCA1FA.d.9A5A83F3197902FF835182B8FE22893E.e.3/value HTTP/11" 200 0
2024-10-17 16:05:44,911 DEBUG: http://localhost:53161 "POST /session/4aa2fecad210c58c343b80bcb1a49c3e/element/f.FF9195C970CC30A8AB92193F9ADCA1FA.d.9A5A83F3197902FF835182B8FE22893E.e.3/value HTTP/11" 200 0
2024-10-17 16:05:45,108 DEBUG: http://localhost:53161 "POST /session/4aa2fecad210c58c343b80bcb1a49c3e/element/f.FF9195C970CC30A8AB92193F9ADCA1FA.d.9A5A83F3197902FF835182B8FE22893E.e.3/value HTTP/11" 200 0
2024-10-17 16:05:45,355 DEBUG: http://localhost:53161 "POST /session/4aa2fecad210c58c343b80bcb1a49c3e/element/f.FF9195C970CC30A8AB92193F9ADCA1FA.d.9A5A83F3197902FF835182B8FE22893E.e.3/value HTTP/11" 200 0
2024-10-17 16:05:45,481 DEBUG: http://localhost:53161 "POST /session/4aa2fecad210c58c343b80bcb1a49c3e/element/f.FF9195C970CC30A8AB92193F9ADCA1FA.d.9A5A83F3197902FF835182B8FE22893E.e.3/value HTTP/11" 200 0
2024-10-17 16:05:45,705 DEBUG: http://localhost:53161 "POST /session/4aa2fecad210c58c343b80bcb1a49c3e/element/f.FF9195C970CC30A8AB92193F9ADCA1FA.d.9A5A83F3197902FF835182B8FE22893E.e.3/value HTTP/11" 200 0
2024-10-17 16:05:45,943 DEBUG: http://localhost:53161 "POST /session/4aa2fecad210c58c343b80bcb1a49c3e/element/f.FF9195C970CC30A8AB92193F9ADCA1FA.d.9A5A83F3197902FF835182B8FE22893E.e.3/value HTTP/11" 200 0
2024-10-17 16:05:46,178 DEBUG: http://localhost:53161 "POST /session/4aa2fecad210c58c343b80bcb1a49c3e/element/f.FF9195C970CC30A8AB92193F9ADCA1FA.d.9A5A83F3197902FF835182B8FE22893E.e.3/value HTTP/11" 200 0
2024-10-17 16:05:46,491 DEBUG: http://localhost:53161 "POST /session/4aa2fecad210c58c343b80bcb1a49c3e/element/f.FF9195C970CC30A8AB92193F9ADCA1FA.d.9A5A83F3197902FF835182B8FE22893E.e.3/value HTTP/11" 200 0
2024-10-17 16:05:46,743 DEBUG: http://localhost:53161 "POST /session/4aa2fecad210c58c343b80bcb1a49c3e/element/f.FF9195C970CC30A8AB92193F9ADCA1FA.d.9A5A83F3197902FF835182B8FE22893E.e.3/value HTTP/11" 200 0
2024-10-17 16:05:47,054 DEBUG: http://localhost:53161 "POST /session/4aa2fecad210c58c343b80bcb1a49c3e/element/f.FF9195C970CC30A8AB92193F9ADCA1FA.d.9A5A83F3197902FF835182B8FE22893E.e.3/value HTTP/11" 200 0
2024-10-17 16:05:47,191 DEBUG: http://localhost:53161 "POST /session/4aa2fecad210c58c343b80bcb1a49c3e/element HTTP/11" 200 0
2024-10-17 16:05:47,204 DEBUG: http://localhost:53161 "POST /session/4aa2fecad210c58c343b80bcb1a49c3e/element/f.FF9195C970CC30A8AB92193F9ADCA1FA.d.9A5A83F3197902FF835182B8FE22893E.e.5/clear HTTP/11" 200 0
2024-10-17 16:05:47,232 DEBUG: http://localhost:53161 "POST /session/4aa2fecad210c58c343b80bcb1a49c3e/element/f.FF9195C970CC30A8AB92193F9ADCA1FA.d.9A5A83F3197902FF835182B8FE22893E.e.5/value HTTP/11" 200 0
2024-10-17 16:05:47,461 DEBUG: http://localhost:53161 "POST /session/4aa2fecad210c58c343b80bcb1a49c3e/element/f.FF9195C970CC30A8AB92193F9ADCA1FA.d.9A5A83F3197902FF835182B8FE22893E.e.5/value HTTP/11" 200 0
2024-10-17 16:05:47,737 DEBUG: http://localhost:53161 "POST /session/4aa2fecad210c58c343b80bcb1a49c3e/element/f.FF9195C970CC30A8AB92193F9ADCA1FA.d.9A5A83F3197902FF835182B8FE22893E.e.5/value HTTP/11" 200 0
2024-10-17 16:05:47,972 DEBUG: http://localhost:53161 "POST /session/4aa2fecad210c58c343b80bcb1a49c3e/element/f.FF9195C970CC30A8AB92193F9ADCA1FA.d.9A5A83F3197902FF835182B8FE22893E.e.5/value HTTP/11" 200 0
2024-10-17 16:05:48,202 DEBUG: http://localhost:53161 "POST /session/4aa2fecad210c58c343b80bcb1a49c3e/element/f.FF9195C970CC30A8AB92193F9ADCA1FA.d.9A5A83F3197902FF835182B8FE22893E.e.5/value HTTP/11" 200 0
2024-10-17 16:05:48,498 DEBUG: http://localhost:53161 "POST /session/4aa2fecad210c58c343b80bcb1a49c3e/element/f.FF9195C970CC30A8AB92193F9ADCA1FA.d.9A5A83F3197902FF835182B8FE22893E.e.5/value HTTP/11" 200 0
2024-10-17 16:06:15,866 INFO: Logger initlized
2024-10-17 16:06:16,240 INFO: Debug=True ChromeDriverManager installed in /Users/toshal.ghimire/Desktop/JScraper/app/JobScrapers/chromedriver
2024-10-17 16:06:16,760 DEBUG: Starting new HTTP connection (1): localhost:53455
2024-10-17 16:06:17,582 DEBUG: http://localhost:53455 "POST /session HTTP/11" 200 0
2024-10-17 16:06:18,151 DEBUG: http://localhost:53455 "POST /session/ad00e2d9dcb55071fe7d41b0864c683a/url HTTP/11" 200 0
2024-10-17 16:06:20,166 DEBUG: http://localhost:53455 "POST /session/ad00e2d9dcb55071fe7d41b0864c683a/element HTTP/11" 200 0
2024-10-17 16:06:20,184 DEBUG: http://localhost:53455 "POST /session/ad00e2d9dcb55071fe7d41b0864c683a/element/f.3DE32E76761EE5436B2041D8FFC5753A.d.75728189BFF49F48AEB4D5FDF23BE1E6.e.3/clear HTTP/11" 200 0
2024-10-17 16:06:20,271 DEBUG: http://localhost:53455 "POST /session/ad00e2d9dcb55071fe7d41b0864c683a/element/f.3DE32E76761EE5436B2041D8FFC5753A.d.75728189BFF49F48AEB4D5FDF23BE1E6.e.3/value HTTP/11" 200 0
2024-10-17 16:06:20,409 DEBUG: http://localhost:53455 "POST /session/ad00e2d9dcb55071fe7d41b0864c683a/element/f.3DE32E76761EE5436B2041D8FFC5753A.d.75728189BFF49F48AEB4D5FDF23BE1E6.e.3/value HTTP/11" 200 0
2024-10-17 16:06:20,601 DEBUG: http://localhost:53455 "POST /session/ad00e2d9dcb55071fe7d41b0864c683a/element/f.3DE32E76761EE5436B2041D8FFC5753A.d.75728189BFF49F48AEB4D5FDF23BE1E6.e.3/value HTTP/11" 200 0
2024-10-17 16:06:20,836 DEBUG: http://localhost:53455 "POST /session/ad00e2d9dcb55071fe7d41b0864c683a/element/f.3DE32E76761EE5436B2041D8FFC5753A.d.75728189BFF49F48AEB4D5FDF23BE1E6.e.3/value HTTP/11" 200 0
2024-10-17 16:06:20,982 DEBUG: http://localhost:53455 "POST /session/ad00e2d9dcb55071fe7d41b0864c683a/element/f.3DE32E76761EE5436B2041D8FFC5753A.d.75728189BFF49F48AEB4D5FDF23BE1E6.e.3/value HTTP/11" 200 0
2024-10-17 16:06:21,118 DEBUG: http://localhost:53455 "POST /session/ad00e2d9dcb55071fe7d41b0864c683a/element/f.3DE32E76761EE5436B2041D8FFC5753A.d.75728189BFF49F48AEB4D5FDF23BE1E6.e.3/value HTTP/11" 200 0
2024-10-17 16:06:21,253 DEBUG: http://localhost:53455 "POST /session/ad00e2d9dcb55071fe7d41b0864c683a/element/f.3DE32E76761EE5436B2041D8FFC5753A.d.75728189BFF49F48AEB4D5FDF23BE1E6.e.3/value HTTP/11" 200 0
2024-10-17 16:06:21,527 DEBUG: http://localhost:53455 "POST /session/ad00e2d9dcb55071fe7d41b0864c683a/element/f.3DE32E76761EE5436B2041D8FFC5753A.d.75728189BFF49F48AEB4D5FDF23BE1E6.e.3/value HTTP/11" 200 0
2024-10-17 16:06:21,805 DEBUG: http://localhost:53455 "POST /session/ad00e2d9dcb55071fe7d41b0864c683a/element/f.3DE32E76761EE5436B2041D8FFC5753A.d.75728189BFF49F48AEB4D5FDF23BE1E6.e.3/value HTTP/11" 200 0
2024-10-17 16:06:22,116 DEBUG: http://localhost:53455 "POST /session/ad00e2d9dcb55071fe7d41b0864c683a/element/f.3DE32E76761EE5436B2041D8FFC5753A.d.75728189BFF49F48AEB4D5FDF23BE1E6.e.3/value HTTP/11" 200 0
2024-10-17 16:06:22,288 DEBUG: http://localhost:53455 "POST /session/ad00e2d9dcb55071fe7d41b0864c683a/element/f.3DE32E76761EE5436B2041D8FFC5753A.d.75728189BFF49F48AEB4D5FDF23BE1E6.e.3/value HTTP/11" 200 0
2024-10-17 16:06:22,437 DEBUG: http://localhost:53455 "POST /session/ad00e2d9dcb55071fe7d41b0864c683a/element/f.3DE32E76761EE5436B2041D8FFC5753A.d.75728189BFF49F48AEB4D5FDF23BE1E6.e.3/value HTTP/11" 200 0
2024-10-17 16:06:22,594 DEBUG: http://localhost:53455 "POST /session/ad00e2d9dcb55071fe7d41b0864c683a/element/f.3DE32E76761EE5436B2041D8FFC5753A.d.75728189BFF49F48AEB4D5FDF23BE1E6.e.3/value HTTP/11" 200 0
2024-10-17 16:06:22,818 DEBUG: http://localhost:53455 "POST /session/ad00e2d9dcb55071fe7d41b0864c683a/element/f.3DE32E76761EE5436B2041D8FFC5753A.d.75728189BFF49F48AEB4D5FDF23BE1E6.e.3/value HTTP/11" 200 0
2024-10-17 16:06:23,107 DEBUG: http://localhost:53455 "POST /session/ad00e2d9dcb55071fe7d41b0864c683a/element/f.3DE32E76761EE5436B2041D8FFC5753A.d.75728189BFF49F48AEB4D5FDF23BE1E6.e.3/value HTTP/11" 200 0
2024-10-17 16:06:23,247 DEBUG: http://localhost:53455 "POST /session/ad00e2d9dcb55071fe7d41b0864c683a/element/f.3DE32E76761EE5436B2041D8FFC5753A.d.75728189BFF49F48AEB4D5FDF23BE1E6.e.3/value HTTP/11" 200 0
2024-10-17 16:06:23,417 DEBUG: http://localhost:53455 "POST /session/ad00e2d9dcb55071fe7d41b0864c683a/element/f.3DE32E76761EE5436B2041D8FFC5753A.d.75728189BFF49F48AEB4D5FDF23BE1E6.e.3/value HTTP/11" 200 0
2024-10-17 16:06:23,686 DEBUG: http://localhost:53455 "POST /session/ad00e2d9dcb55071fe7d41b0864c683a/element/f.3DE32E76761EE5436B2041D8FFC5753A.d.75728189BFF49F48AEB4D5FDF23BE1E6.e.3/value HTTP/11" 200 0
2024-10-17 16:06:24,022 DEBUG: http://localhost:53455 "POST /session/ad00e2d9dcb55071fe7d41b0864c683a/element/f.3DE32E76761EE5436B2041D8FFC5753A.d.75728189BFF49F48AEB4D5FDF23BE1E6.e.3/value HTTP/11" 200 0
2024-10-17 16:06:24,218 DEBUG: http://localhost:53455 "POST /session/ad00e2d9dcb55071fe7d41b0864c683a/element HTTP/11" 200 0
2024-10-17 16:06:24,236 DEBUG: http://localhost:53455 "POST /session/ad00e2d9dcb55071fe7d41b0864c683a/element/f.3DE32E76761EE5436B2041D8FFC5753A.d.75728189BFF49F48AEB4D5FDF23BE1E6.e.5/clear HTTP/11" 200 0
2024-10-17 16:06:24,267 DEBUG: http://localhost:53455 "POST /session/ad00e2d9dcb55071fe7d41b0864c683a/element/f.3DE32E76761EE5436B2041D8FFC5753A.d.75728189BFF49F48AEB4D5FDF23BE1E6.e.5/value HTTP/11" 200 0
2024-10-17 16:06:24,406 DEBUG: http://localhost:53455 "POST /session/ad00e2d9dcb55071fe7d41b0864c683a/element/f.3DE32E76761EE5436B2041D8FFC5753A.d.75728189BFF49F48AEB4D5FDF23BE1E6.e.5/value HTTP/11" 200 0
2024-10-17 16:06:24,581 DEBUG: http://localhost:53455 "POST /session/ad00e2d9dcb55071fe7d41b0864c683a/element/f.3DE32E76761EE5436B2041D8FFC5753A.d.75728189BFF49F48AEB4D5FDF23BE1E6.e.5/value HTTP/11" 200 0
2024-10-17 16:06:24,879 DEBUG: http://localhost:53455 "POST /session/ad00e2d9dcb55071fe7d41b0864c683a/element/f.3DE32E76761EE5436B2041D8FFC5753A.d.75728189BFF49F48AEB4D5FDF23BE1E6.e.5/value HTTP/11" 200 0
2024-10-17 16:06:25,048 DEBUG: http://localhost:53455 "POST /session/ad00e2d9dcb55071fe7d41b0864c683a/element/f.3DE32E76761EE5436B2041D8FFC5753A.d.75728189BFF49F48AEB4D5FDF23BE1E6.e.5/value HTTP/11" 200 0
2024-10-17 16:06:25,247 DEBUG: http://localhost:53455 "POST /session/ad00e2d9dcb55071fe7d41b0864c683a/element/f.3DE32E76761EE5436B2041D8FFC5753A.d.75728189BFF49F48AEB4D5FDF23BE1E6.e.5/value HTTP/11" 200 0
2024-10-17 16:06:30,085 DEBUG: http://localhost:53455 "POST /session/ad00e2d9dcb55071fe7d41b0864c683a/element HTTP/11" 404 0
2024-10-17 16:08:03,375 INFO: Logger initlized
2024-10-17 16:08:03,718 INFO: Debug=True ChromeDriverManager installed in /Users/toshal.ghimire/Desktop/JScraper/app/JobScrapers/chromedriver
2024-10-17 16:08:03,788 DEBUG: Starting new HTTP connection (1): localhost:54539
2024-10-17 16:08:04,864 DEBUG: http://localhost:54539 "POST /session HTTP/11" 200 0
2024-10-17 16:08:05,419 DEBUG: http://localhost:54539 "POST /session/fabfac09e450c8f3deb1e02d480bfefd/url HTTP/11" 200 0
2024-10-17 16:08:07,433 DEBUG: http://localhost:54539 "POST /session/fabfac09e450c8f3deb1e02d480bfefd/element HTTP/11" 200 0
2024-10-17 16:08:07,453 DEBUG: http://localhost:54539 "POST /session/fabfac09e450c8f3deb1e02d480bfefd/element/f.FD4B6CC08F3B5DD21607052E5BA07CF5.d.18BD809A16AD88E7B4FEC86E5839895C.e.3/clear HTTP/11" 200 0
2024-10-17 16:08:07,535 DEBUG: http://localhost:54539 "POST /session/fabfac09e450c8f3deb1e02d480bfefd/element/f.FD4B6CC08F3B5DD21607052E5BA07CF5.d.18BD809A16AD88E7B4FEC86E5839895C.e.3/value HTTP/11" 200 0
2024-10-17 16:08:07,771 DEBUG: http://localhost:54539 "POST /session/fabfac09e450c8f3deb1e02d480bfefd/element/f.FD4B6CC08F3B5DD21607052E5BA07CF5.d.18BD809A16AD88E7B4FEC86E5839895C.e.3/value HTTP/11" 200 0
2024-10-17 16:08:07,916 DEBUG: http://localhost:54539 "POST /session/fabfac09e450c8f3deb1e02d480bfefd/element/f.FD4B6CC08F3B5DD21607052E5BA07CF5.d.18BD809A16AD88E7B4FEC86E5839895C.e.3/value HTTP/11" 200 0
2024-10-17 16:08:08,151 DEBUG: http://localhost:54539 "POST /session/fabfac09e450c8f3deb1e02d480bfefd/element/f.FD4B6CC08F3B5DD21607052E5BA07CF5.d.18BD809A16AD88E7B4FEC86E5839895C.e.3/value HTTP/11" 200 0
2024-10-17 16:08:08,338 DEBUG: http://localhost:54539 "POST /session/fabfac09e450c8f3deb1e02d480bfefd/element/f.FD4B6CC08F3B5DD21607052E5BA07CF5.d.18BD809A16AD88E7B4FEC86E5839895C.e.3/value HTTP/11" 200 0
2024-10-17 16:08:08,491 DEBUG: http://localhost:54539 "POST /session/fabfac09e450c8f3deb1e02d480bfefd/element/f.FD4B6CC08F3B5DD21607052E5BA07CF5.d.18BD809A16AD88E7B4FEC86E5839895C.e.3/value HTTP/11" 200 0
2024-10-17 16:08:08,743 DEBUG: http://localhost:54539 "POST /session/fabfac09e450c8f3deb1e02d480bfefd/element/f.FD4B6CC08F3B5DD21607052E5BA07CF5.d.18BD809A16AD88E7B4FEC86E5839895C.e.3/value HTTP/11" 200 0
2024-10-17 16:08:08,918 DEBUG: http://localhost:54539 "POST /session/fabfac09e450c8f3deb1e02d480bfefd/element/f.FD4B6CC08F3B5DD21607052E5BA07CF5.d.18BD809A16AD88E7B4FEC86E5839895C.e.3/value HTTP/11" 200 0
2024-10-17 16:08:09,213 DEBUG: http://localhost:54539 "POST /session/fabfac09e450c8f3deb1e02d480bfefd/element/f.FD4B6CC08F3B5DD21607052E5BA07CF5.d.18BD809A16AD88E7B4FEC86E5839895C.e.3/value HTTP/11" 200 0
2024-10-17 16:08:09,411 DEBUG: http://localhost:54539 "POST /session/fabfac09e450c8f3deb1e02d480bfefd/element/f.FD4B6CC08F3B5DD21607052E5BA07CF5.d.18BD809A16AD88E7B4FEC86E5839895C.e.3/value HTTP/11" 200 0
2024-10-17 16:08:09,681 DEBUG: http://localhost:54539 "POST /session/fabfac09e450c8f3deb1e02d480bfefd/element/f.FD4B6CC08F3B5DD21607052E5BA07CF5.d.18BD809A16AD88E7B4FEC86E5839895C.e.3/value HTTP/11" 200 0
2024-10-17 16:08:09,970 DEBUG: http://localhost:54539 "POST /session/fabfac09e450c8f3deb1e02d480bfefd/element/f.FD4B6CC08F3B5DD21607052E5BA07CF5.d.18BD809A16AD88E7B4FEC86E5839895C.e.3/value HTTP/11" 200 0
2024-10-17 16:08:10,285 DEBUG: http://localhost:54539 "POST /session/fabfac09e450c8f3deb1e02d480bfefd/element/f.FD4B6CC08F3B5DD21607052E5BA07CF5.d.18BD809A16AD88E7B4FEC86E5839895C.e.3/value HTTP/11" 200 0
2024-10-17 16:08:10,427 DEBUG: http://localhost:54539 "POST /session/fabfac09e450c8f3deb1e02d480bfefd/element/f.FD4B6CC08F3B5DD21607052E5BA07CF5.d.18BD809A16AD88E7B4FEC86E5839895C.e.3/value HTTP/11" 200 0
2024-10-17 16:08:10,623 DEBUG: http://localhost:54539 "POST /session/fabfac09e450c8f3deb1e02d480bfefd/element/f.FD4B6CC08F3B5DD21607052E5BA07CF5.d.18BD809A16AD88E7B4FEC86E5839895C.e.3/value HTTP/11" 200 0
2024-10-17 16:08:10,798 DEBUG: http://localhost:54539 "POST /session/fabfac09e450c8f3deb1e02d480bfefd/element/f.FD4B6CC08F3B5DD21607052E5BA07CF5.d.18BD809A16AD88E7B4FEC86E5839895C.e.3/value HTTP/11" 200 0
2024-10-17 16:08:11,098 DEBUG: http://localhost:54539 "POST /session/fabfac09e450c8f3deb1e02d480bfefd/element/f.FD4B6CC08F3B5DD21607052E5BA07CF5.d.18BD809A16AD88E7B4FEC86E5839895C.e.3/value HTTP/11" 200 0
2024-10-17 16:08:11,389 DEBUG: http://localhost:54539 "POST /session/fabfac09e450c8f3deb1e02d480bfefd/element/f.FD4B6CC08F3B5DD21607052E5BA07CF5.d.18BD809A16AD88E7B4FEC86E5839895C.e.3/value HTTP/11" 200 0
2024-10-17 16:08:11,627 DEBUG: http://localhost:54539 "POST /session/fabfac09e450c8f3deb1e02d480bfefd/element/f.FD4B6CC08F3B5DD21607052E5BA07CF5.d.18BD809A16AD88E7B4FEC86E5839895C.e.3/value HTTP/11" 200 0
2024-10-17 16:08:11,914 DEBUG: http://localhost:54539 "POST /session/fabfac09e450c8f3deb1e02d480bfefd/element HTTP/11" 200 0
2024-10-17 16:08:11,928 DEBUG: http://localhost:54539 "POST /session/fabfac09e450c8f3deb1e02d480bfefd/element/f.FD4B6CC08F3B5DD21607052E5BA07CF5.d.18BD809A16AD88E7B4FEC86E5839895C.e.5/clear HTTP/11" 200 0
2024-10-17 16:08:11,956 DEBUG: http://localhost:54539 "POST /session/fabfac09e450c8f3deb1e02d480bfefd/element/f.FD4B6CC08F3B5DD21607052E5BA07CF5.d.18BD809A16AD88E7B4FEC86E5839895C.e.5/value HTTP/11" 200 0
2024-10-17 16:08:12,136 DEBUG: http://localhost:54539 "POST /session/fabfac09e450c8f3deb1e02d480bfefd/element/f.FD4B6CC08F3B5DD21607052E5BA07CF5.d.18BD809A16AD88E7B4FEC86E5839895C.e.5/value HTTP/11" 200 0
2024-10-17 16:08:12,455 DEBUG: http://localhost:54539 "POST /session/fabfac09e450c8f3deb1e02d480bfefd/element/f.FD4B6CC08F3B5DD21607052E5BA07CF5.d.18BD809A16AD88E7B4FEC86E5839895C.e.5/value HTTP/11" 200 0
2024-10-17 16:08:12,736 DEBUG: http://localhost:54539 "POST /session/fabfac09e450c8f3deb1e02d480bfefd/element/f.FD4B6CC08F3B5DD21607052E5BA07CF5.d.18BD809A16AD88E7B4FEC86E5839895C.e.5/value HTTP/11" 200 0
2024-10-17 16:08:12,879 DEBUG: http://localhost:54539 "POST /session/fabfac09e450c8f3deb1e02d480bfefd/element/f.FD4B6CC08F3B5DD21607052E5BA07CF5.d.18BD809A16AD88E7B4FEC86E5839895C.e.5/value HTTP/11" 200 0
2024-10-17 16:08:13,037 DEBUG: http://localhost:54539 "POST /session/fabfac09e450c8f3deb1e02d480bfefd/element/f.FD4B6CC08F3B5DD21607052E5BA07CF5.d.18BD809A16AD88E7B4FEC86E5839895C.e.5/value HTTP/11" 200 0
2024-10-17 16:08:16,835 DEBUG: http://localhost:54539 "POST /session/fabfac09e450c8f3deb1e02d480bfefd/element HTTP/11" 404 0
2024-10-17 16:08:24,787 DEBUG: http://localhost:54539 "POST /session/fabfac09e450c8f3deb1e02d480bfefd/element HTTP/11" 404 0
2024-10-17 16:08:56,038 INFO: Logger initlized
2024-10-17 16:08:56,404 INFO: Debug=True ChromeDriverManager installed in /Users/toshal.ghimire/Desktop/JScraper/app/JobScrapers/chromedriver
2024-10-17 16:08:56,468 DEBUG: Starting new HTTP connection (1): localhost:54972
2024-10-17 16:08:57,433 DEBUG: http://localhost:54972 "POST /session HTTP/11" 200 0
2024-10-17 16:08:58,629 DEBUG: http://localhost:54972 "POST /session/ed156be1b24962f1e636bc3731b04883/url HTTP/11" 200 0
2024-10-17 16:09:00,644 DEBUG: http://localhost:54972 "POST /session/ed156be1b24962f1e636bc3731b04883/element HTTP/11" 200 0
2024-10-17 16:09:00,667 DEBUG: http://localhost:54972 "POST /session/ed156be1b24962f1e636bc3731b04883/element/f.77AB183464DCF70165794B970813C2B1.d.CE623FA92464B84111CB63D177CA3BA2.e.3/clear HTTP/11" 200 0
2024-10-17 16:09:00,759 DEBUG: http://localhost:54972 "POST /session/ed156be1b24962f1e636bc3731b04883/element/f.77AB183464DCF70165794B970813C2B1.d.CE623FA92464B84111CB63D177CA3BA2.e.3/value HTTP/11" 200 0
2024-10-17 16:09:00,980 DEBUG: http://localhost:54972 "POST /session/ed156be1b24962f1e636bc3731b04883/element/f.77AB183464DCF70165794B970813C2B1.d.CE623FA92464B84111CB63D177CA3BA2.e.3/value HTTP/11" 200 0
2024-10-17 16:09:01,232 DEBUG: http://localhost:54972 "POST /session/ed156be1b24962f1e636bc3731b04883/element/f.77AB183464DCF70165794B970813C2B1.d.CE623FA92464B84111CB63D177CA3BA2.e.3/value HTTP/11" 200 0
2024-10-17 16:09:01,403 DEBUG: http://localhost:54972 "POST /session/ed156be1b24962f1e636bc3731b04883/element/f.77AB183464DCF70165794B970813C2B1.d.CE623FA92464B84111CB63D177CA3BA2.e.3/value HTTP/11" 200 0
2024-10-17 16:09:01,706 DEBUG: http://localhost:54972 "POST /session/ed156be1b24962f1e636bc3731b04883/element/f.77AB183464DCF70165794B970813C2B1.d.CE623FA92464B84111CB63D177CA3BA2.e.3/value HTTP/11" 200 0
2024-10-17 16:09:01,947 DEBUG: http://localhost:54972 "POST /session/ed156be1b24962f1e636bc3731b04883/element/f.77AB183464DCF70165794B970813C2B1.d.CE623FA92464B84111CB63D177CA3BA2.e.3/value HTTP/11" 200 0
2024-10-17 16:09:02,178 DEBUG: http://localhost:54972 "POST /session/ed156be1b24962f1e636bc3731b04883/element/f.77AB183464DCF70165794B970813C2B1.d.CE623FA92464B84111CB63D177CA3BA2.e.3/value HTTP/11" 200 0
2024-10-17 16:09:02,455 DEBUG: http://localhost:54972 "POST /session/ed156be1b24962f1e636bc3731b04883/element/f.77AB183464DCF70165794B970813C2B1.d.CE623FA92464B84111CB63D177CA3BA2.e.3/value HTTP/11" 200 0
2024-10-17 16:09:02,622 DEBUG: http://localhost:54972 "POST /session/ed156be1b24962f1e636bc3731b04883/element/f.77AB183464DCF70165794B970813C2B1.d.CE623FA92464B84111CB63D177CA3BA2.e.3/value HTTP/11" 200 0
2024-10-17 16:09:02,895 DEBUG: http://localhost:54972 "POST /session/ed156be1b24962f1e636bc3731b04883/element/f.77AB183464DCF70165794B970813C2B1.d.CE623FA92464B84111CB63D177CA3BA2.e.3/value HTTP/11" 200 0
2024-10-17 16:09:03,093 DEBUG: http://localhost:54972 "POST /session/ed156be1b24962f1e636bc3731b04883/element/f.77AB183464DCF70165794B970813C2B1.d.CE623FA92464B84111CB63D177CA3BA2.e.3/value HTTP/11" 200 0
2024-10-17 16:09:03,239 DEBUG: http://localhost:54972 "POST /session/ed156be1b24962f1e636bc3731b04883/element/f.77AB183464DCF70165794B970813C2B1.d.CE623FA92464B84111CB63D177CA3BA2.e.3/value HTTP/11" 200 0
2024-10-17 16:09:03,527 DEBUG: http://localhost:54972 "POST /session/ed156be1b24962f1e636bc3731b04883/element/f.77AB183464DCF70165794B970813C2B1.d.CE623FA92464B84111CB63D177CA3BA2.e.3/value HTTP/11" 200 0
2024-10-17 16:09:03,769 DEBUG: http://localhost:54972 "POST /session/ed156be1b24962f1e636bc3731b04883/element/f.77AB183464DCF70165794B970813C2B1.d.CE623FA92464B84111CB63D177CA3BA2.e.3/value HTTP/11" 200 0
2024-10-17 16:09:04,018 DEBUG: http://localhost:54972 "POST /session/ed156be1b24962f1e636bc3731b04883/element/f.77AB183464DCF70165794B970813C2B1.d.CE623FA92464B84111CB63D177CA3BA2.e.3/value HTTP/11" 200 0
2024-10-17 16:09:04,227 DEBUG: http://localhost:54972 "POST /session/ed156be1b24962f1e636bc3731b04883/element/f.77AB183464DCF70165794B970813C2B1.d.CE623FA92464B84111CB63D177CA3BA2.e.3/value HTTP/11" 200 0
2024-10-17 16:09:04,518 DEBUG: http://localhost:54972 "POST /session/ed156be1b24962f1e636bc3731b04883/element/f.77AB183464DCF70165794B970813C2B1.d.CE623FA92464B84111CB63D177CA3BA2.e.3/value HTTP/11" 200 0
2024-10-17 16:09:04,678 DEBUG: http://localhost:54972 "POST /session/ed156be1b24962f1e636bc3731b04883/element/f.77AB183464DCF70165794B970813C2B1.d.CE623FA92464B84111CB63D177CA3BA2.e.3/value HTTP/11" 200 0
2024-10-17 16:09:04,903 DEBUG: http://localhost:54972 "POST /session/ed156be1b24962f1e636bc3731b04883/element/f.77AB183464DCF70165794B970813C2B1.d.CE623FA92464B84111CB63D177CA3BA2.e.3/value HTTP/11" 200 0
2024-10-17 16:09:05,065 DEBUG: http://localhost:54972 "POST /session/ed156be1b24962f1e636bc3731b04883/element HTTP/11" 200 0
2024-10-17 16:09:05,080 DEBUG: http://localhost:54972 "POST /session/ed156be1b24962f1e636bc3731b04883/element/f.77AB183464DCF70165794B970813C2B1.d.CE623FA92464B84111CB63D177CA3BA2.e.5/clear HTTP/11" 200 0
2024-10-17 16:09:05,113 DEBUG: http://localhost:54972 "POST /session/ed156be1b24962f1e636bc3731b04883/element/f.77AB183464DCF70165794B970813C2B1.d.CE623FA92464B84111CB63D177CA3BA2.e.5/value HTTP/11" 200 0
2024-10-17 16:09:05,359 DEBUG: http://localhost:54972 "POST /session/ed156be1b24962f1e636bc3731b04883/element/f.77AB183464DCF70165794B970813C2B1.d.CE623FA92464B84111CB63D177CA3BA2.e.5/value HTTP/11" 200 0
2024-10-17 16:09:05,521 DEBUG: http://localhost:54972 "POST /session/ed156be1b24962f1e636bc3731b04883/element/f.77AB183464DCF70165794B970813C2B1.d.CE623FA92464B84111CB63D177CA3BA2.e.5/value HTTP/11" 200 0
2024-10-17 16:09:05,720 DEBUG: http://localhost:54972 "POST /session/ed156be1b24962f1e636bc3731b04883/element/f.77AB183464DCF70165794B970813C2B1.d.CE623FA92464B84111CB63D177CA3BA2.e.5/value HTTP/11" 200 0
2024-10-17 16:09:06,002 DEBUG: http://localhost:54972 "POST /session/ed156be1b24962f1e636bc3731b04883/element/f.77AB183464DCF70165794B970813C2B1.d.CE623FA92464B84111CB63D177CA3BA2.e.5/value HTTP/11" 200 0
2024-10-17 16:09:06,157 DEBUG: http://localhost:54972 "POST /session/ed156be1b24962f1e636bc3731b04883/element/f.77AB183464DCF70165794B970813C2B1.d.CE623FA92464B84111CB63D177CA3BA2.e.5/value HTTP/11" 200 0
2024-10-17 16:09:08,561 DEBUG: http://localhost:54972 "POST /session/ed156be1b24962f1e636bc3731b04883/element HTTP/11" 404 0
2024-10-17 16:09:09,700 DEBUG: http://localhost:54972 "POST /session/ed156be1b24962f1e636bc3731b04883/element HTTP/11" 200 0
2024-10-17 16:09:11,292 DEBUG: http://localhost:54972 "GET /session/ed156be1b24962f1e636bc3731b04883/element/f.77AB183464DCF70165794B970813C2B1.d.CE623FA92464B84111CB63D177CA3BA2.e.51/computedlabel HTTP/11" 200 0
2024-10-17 16:09:11,294 DEBUG: http://localhost:54972 "GET /session/ed156be1b24962f1e636bc3731b04883/element/f.77AB183464DCF70165794B970813C2B1.d.CE623FA92464B84111CB63D177CA3BA2.e.51/computedrole HTTP/11" 200 0
2024-10-17 16:09:11,300 DEBUG: http://localhost:54972 "GET /session/ed156be1b24962f1e636bc3731b04883/element/f.77AB183464DCF70165794B970813C2B1.d.CE623FA92464B84111CB63D177CA3BA2.e.51/rect HTTP/11" 200 0
2024-10-17 16:09:11,304 DEBUG: http://localhost:54972 "POST /session/ed156be1b24962f1e636bc3731b04883/execute/sync HTTP/11" 200 0
2024-10-17 16:09:11,308 DEBUG: http://localhost:54972 "GET /session/ed156be1b24962f1e636bc3731b04883/element/f.77AB183464DCF70165794B970813C2B1.d.CE623FA92464B84111CB63D177CA3BA2.e.51/rect HTTP/11" 200 0
2024-10-17 16:09:11,568 DEBUG: http://localhost:54972 "GET /session/ed156be1b24962f1e636bc3731b04883/element/f.77AB183464DCF70165794B970813C2B1.d.CE623FA92464B84111CB63D177CA3BA2.e.51/screenshot HTTP/11" 200 0
2024-10-17 16:09:11,604 DEBUG: http://localhost:54972 "GET /session/ed156be1b24962f1e636bc3731b04883/element/f.77AB183464DCF70165794B970813C2B1.d.CE623FA92464B84111CB63D177CA3BA2.e.51/screenshot HTTP/11" 200 0
2024-10-17 16:09:11,607 DEBUG: http://localhost:54972 "GET /session/ed156be1b24962f1e636bc3731b04883/element/f.77AB183464DCF70165794B970813C2B1.d.CE623FA92464B84111CB63D177CA3BA2.e.51/shadow HTTP/11" 404 0
2024-10-17 16:09:11,620 DEBUG: http://localhost:54972 "GET /session/ed156be1b24962f1e636bc3731b04883/element/f.77AB183464DCF70165794B970813C2B1.d.CE623FA92464B84111CB63D177CA3BA2.e.51/rect HTTP/11" 200 0
2024-10-17 16:09:11,623 DEBUG: http://localhost:54972 "GET /session/ed156be1b24962f1e636bc3731b04883/element/f.77AB183464DCF70165794B970813C2B1.d.CE623FA92464B84111CB63D177CA3BA2.e.51/name HTTP/11" 200 0
2024-10-17 16:09:11,631 DEBUG: http://localhost:54972 "GET /session/ed156be1b24962f1e636bc3731b04883/element/f.77AB183464DCF70165794B970813C2B1.d.CE623FA92464B84111CB63D177CA3BA2.e.51/text HTTP/11" 200 0
2024-10-17 16:09:19,652 DEBUG: http://localhost:54972 "POST /session/ed156be1b24962f1e636bc3731b04883/actions HTTP/11" 200 0
2024-10-17 16:10:36,968 INFO: Logger initlized
2024-10-17 16:10:37,319 INFO: Debug=True ChromeDriverManager installed in /Users/toshal.ghimire/Desktop/JScraper/app/JobScrapers/chromedriver
2024-10-17 16:10:37,381 DEBUG: Starting new HTTP connection (1): localhost:55771
2024-10-17 16:10:38,505 DEBUG: http://localhost:55771 "POST /session HTTP/11" 200 0
2024-10-17 16:10:39,176 DEBUG: http://localhost:55771 "POST /session/28d709ab62d68ea9b87e16be6cf33acc/url HTTP/11" 200 0
2024-10-17 16:11:59,906 INFO: Logger initlized
2024-10-17 16:12:00,323 INFO: Debug=True ChromeDriverManager installed in /Users/toshal.ghimire/Desktop/JScraper/app/JobScrapers/chromedriver
2024-10-17 16:12:00,415 DEBUG: Starting new HTTP connection (1): localhost:56178
2024-10-17 16:12:01,562 DEBUG: http://localhost:56178 "POST /session HTTP/11" 200 0
2024-10-17 16:12:02,670 DEBUG: http://localhost:56178 "POST /session/cea168311ff9c76a747083bd3dd135e4/url HTTP/11" 200 0
2024-10-17 16:12:04,678 DEBUG: http://localhost:56178 "POST /session/cea168311ff9c76a747083bd3dd135e4/element HTTP/11" 404 0
2024-10-17 16:12:20,651 INFO: Logger initlized
2024-10-17 16:12:20,964 INFO: Debug=True ChromeDriverManager installed in /Users/toshal.ghimire/Desktop/JScraper/app/JobScrapers/chromedriver
2024-10-17 16:12:21,481 DEBUG: Starting new HTTP connection (1): localhost:56271
2024-10-17 16:12:22,526 DEBUG: http://localhost:56271 "POST /session HTTP/11" 200 0
2024-10-17 16:12:23,036 DEBUG: http://localhost:56271 "POST /session/5ab02189d3c455af6c353fd9fba34eda/url HTTP/11" 200 0
2024-10-17 16:12:25,059 DEBUG: http://localhost:56271 "POST /session/5ab02189d3c455af6c353fd9fba34eda/element HTTP/11" 200 0
2024-10-17 16:12:25,086 DEBUG: http://localhost:56271 "POST /session/5ab02189d3c455af6c353fd9fba34eda/element/f.0B8889EED85AAB41A7862C7B4493B9BF.d.99320A49211C8D0B899DA4547DD9B032.e.4/clear HTTP/11" 200 0
2024-10-17 16:12:25,175 DEBUG: http://localhost:56271 "POST /session/5ab02189d3c455af6c353fd9fba34eda/element/f.0B8889EED85AAB41A7862C7B4493B9BF.d.99320A49211C8D0B899DA4547DD9B032.e.4/value HTTP/11" 200 0
2024-10-17 16:12:25,376 DEBUG: http://localhost:56271 "POST /session/5ab02189d3c455af6c353fd9fba34eda/element/f.0B8889EED85AAB41A7862C7B4493B9BF.d.99320A49211C8D0B899DA4547DD9B032.e.4/value HTTP/11" 200 0
2024-10-17 16:12:25,543 DEBUG: http://localhost:56271 "POST /session/5ab02189d3c455af6c353fd9fba34eda/element/f.0B8889EED85AAB41A7862C7B4493B9BF.d.99320A49211C8D0B899DA4547DD9B032.e.4/value HTTP/11" 200 0
2024-10-17 16:12:25,865 DEBUG: http://localhost:56271 "POST /session/5ab02189d3c455af6c353fd9fba34eda/element/f.0B8889EED85AAB41A7862C7B4493B9BF.d.99320A49211C8D0B899DA4547DD9B032.e.4/value HTTP/11" 200 0
2024-10-17 16:12:26,132 DEBUG: http://localhost:56271 "POST /session/5ab02189d3c455af6c353fd9fba34eda/element/f.0B8889EED85AAB41A7862C7B4493B9BF.d.99320A49211C8D0B899DA4547DD9B032.e.4/value HTTP/11" 200 0
2024-10-17 16:12:26,300 DEBUG: http://localhost:56271 "POST /session/5ab02189d3c455af6c353fd9fba34eda/element/f.0B8889EED85AAB41A7862C7B4493B9BF.d.99320A49211C8D0B899DA4547DD9B032.e.4/value HTTP/11" 200 0
2024-10-17 16:12:26,613 DEBUG: http://localhost:56271 "POST /session/5ab02189d3c455af6c353fd9fba34eda/element/f.0B8889EED85AAB41A7862C7B4493B9BF.d.99320A49211C8D0B899DA4547DD9B032.e.4/value HTTP/11" 200 0
2024-10-17 16:12:26,827 DEBUG: http://localhost:56271 "POST /session/5ab02189d3c455af6c353fd9fba34eda/element/f.0B8889EED85AAB41A7862C7B4493B9BF.d.99320A49211C8D0B899DA4547DD9B032.e.4/value HTTP/11" 200 0
2024-10-17 16:12:27,134 DEBUG: http://localhost:56271 "POST /session/5ab02189d3c455af6c353fd9fba34eda/element/f.0B8889EED85AAB41A7862C7B4493B9BF.d.99320A49211C8D0B899DA4547DD9B032.e.4/value HTTP/11" 200 0
2024-10-17 16:12:27,352 DEBUG: http://localhost:56271 "POST /session/5ab02189d3c455af6c353fd9fba34eda/element/f.0B8889EED85AAB41A7862C7B4493B9BF.d.99320A49211C8D0B899DA4547DD9B032.e.4/value HTTP/11" 200 0
2024-10-17 16:12:27,556 DEBUG: http://localhost:56271 "POST /session/5ab02189d3c455af6c353fd9fba34eda/element/f.0B8889EED85AAB41A7862C7B4493B9BF.d.99320A49211C8D0B899DA4547DD9B032.e.4/value HTTP/11" 200 0
2024-10-17 16:12:27,684 DEBUG: http://localhost:56271 "POST /session/5ab02189d3c455af6c353fd9fba34eda/element/f.0B8889EED85AAB41A7862C7B4493B9BF.d.99320A49211C8D0B899DA4547DD9B032.e.4/value HTTP/11" 200 0
2024-10-17 16:12:27,883 DEBUG: http://localhost:56271 "POST /session/5ab02189d3c455af6c353fd9fba34eda/element/f.0B8889EED85AAB41A7862C7B4493B9BF.d.99320A49211C8D0B899DA4547DD9B032.e.4/value HTTP/11" 200 0
2024-10-17 16:12:28,195 DEBUG: http://localhost:56271 "POST /session/5ab02189d3c455af6c353fd9fba34eda/element/f.0B8889EED85AAB41A7862C7B4493B9BF.d.99320A49211C8D0B899DA4547DD9B032.e.4/value HTTP/11" 200 0
2024-10-17 16:12:28,516 DEBUG: http://localhost:56271 "POST /session/5ab02189d3c455af6c353fd9fba34eda/element/f.0B8889EED85AAB41A7862C7B4493B9BF.d.99320A49211C8D0B899DA4547DD9B032.e.4/value HTTP/11" 200 0
2024-10-17 16:12:28,687 DEBUG: http://localhost:56271 "POST /session/5ab02189d3c455af6c353fd9fba34eda/element/f.0B8889EED85AAB41A7862C7B4493B9BF.d.99320A49211C8D0B899DA4547DD9B032.e.4/value HTTP/11" 200 0
2024-10-17 16:12:28,825 DEBUG: http://localhost:56271 "POST /session/5ab02189d3c455af6c353fd9fba34eda/element/f.0B8889EED85AAB41A7862C7B4493B9BF.d.99320A49211C8D0B899DA4547DD9B032.e.4/value HTTP/11" 200 0
2024-10-17 16:12:29,068 DEBUG: http://localhost:56271 "POST /session/5ab02189d3c455af6c353fd9fba34eda/element/f.0B8889EED85AAB41A7862C7B4493B9BF.d.99320A49211C8D0B899DA4547DD9B032.e.4/value HTTP/11" 200 0
2024-10-17 16:12:29,285 DEBUG: http://localhost:56271 "POST /session/5ab02189d3c455af6c353fd9fba34eda/element/f.0B8889EED85AAB41A7862C7B4493B9BF.d.99320A49211C8D0B899DA4547DD9B032.e.4/value HTTP/11" 200 0
2024-10-17 16:12:29,553 DEBUG: http://localhost:56271 "POST /session/5ab02189d3c455af6c353fd9fba34eda/element HTTP/11" 200 0
2024-10-17 16:12:29,571 DEBUG: http://localhost:56271 "POST /session/5ab02189d3c455af6c353fd9fba34eda/element/f.0B8889EED85AAB41A7862C7B4493B9BF.d.99320A49211C8D0B899DA4547DD9B032.e.6/clear HTTP/11" 200 0
2024-10-17 16:12:29,605 DEBUG: http://localhost:56271 "POST /session/5ab02189d3c455af6c353fd9fba34eda/element/f.0B8889EED85AAB41A7862C7B4493B9BF.d.99320A49211C8D0B899DA4547DD9B032.e.6/value HTTP/11" 200 0
2024-10-17 16:12:29,877 DEBUG: http://localhost:56271 "POST /session/5ab02189d3c455af6c353fd9fba34eda/element/f.0B8889EED85AAB41A7862C7B4493B9BF.d.99320A49211C8D0B899DA4547DD9B032.e.6/value HTTP/11" 200 0
2024-10-17 16:12:30,106 DEBUG: http://localhost:56271 "POST /session/5ab02189d3c455af6c353fd9fba34eda/element/f.0B8889EED85AAB41A7862C7B4493B9BF.d.99320A49211C8D0B899DA4547DD9B032.e.6/value HTTP/11" 200 0
2024-10-17 16:12:30,259 DEBUG: http://localhost:56271 "POST /session/5ab02189d3c455af6c353fd9fba34eda/element/f.0B8889EED85AAB41A7862C7B4493B9BF.d.99320A49211C8D0B899DA4547DD9B032.e.6/value HTTP/11" 200 0
2024-10-17 16:12:30,544 DEBUG: http://localhost:56271 "POST /session/5ab02189d3c455af6c353fd9fba34eda/element/f.0B8889EED85AAB41A7862C7B4493B9BF.d.99320A49211C8D0B899DA4547DD9B032.e.6/value HTTP/11" 200 0
2024-10-17 16:12:30,730 DEBUG: http://localhost:56271 "POST /session/5ab02189d3c455af6c353fd9fba34eda/element/f.0B8889EED85AAB41A7862C7B4493B9BF.d.99320A49211C8D0B899DA4547DD9B032.e.6/value HTTP/11" 200 0
2024-10-17 16:12:39,880 DEBUG: http://localhost:56271 "POST /session/5ab02189d3c455af6c353fd9fba34eda/element HTTP/11" 404 0
2024-10-17 16:12:39,890 DEBUG: http://localhost:56271 "POST /session/5ab02189d3c455af6c353fd9fba34eda/element HTTP/11" 200 0
2024-10-17 16:12:43,674 DEBUG: http://localhost:56271 "POST /session/5ab02189d3c455af6c353fd9fba34eda/actions HTTP/11" 200 0
2024-10-17 16:12:43,711 DEBUG: http://localhost:56271 "POST /session/5ab02189d3c455af6c353fd9fba34eda/execute/sync HTTP/11" 200 0
2024-10-17 16:12:48,498 INFO: Logger initlized
2024-10-17 16:12:48,851 INFO: Debug=True ChromeDriverManager installed in /Users/toshal.ghimire/Desktop/JScraper/app/JobScrapers/chromedriver
2024-10-17 16:12:49,371 DEBUG: Starting new HTTP connection (1): localhost:56383
2024-10-17 16:12:50,148 DEBUG: http://localhost:56383 "POST /session HTTP/11" 200 0
2024-10-17 16:12:51,348 DEBUG: http://localhost:56383 "POST /session/d43be416d3660a663485018f866a09e1/url HTTP/11" 200 0
2024-10-17 16:12:53,371 DEBUG: http://localhost:56383 "POST /session/d43be416d3660a663485018f866a09e1/element HTTP/11" 200 0
2024-10-17 16:12:53,396 DEBUG: http://localhost:56383 "POST /session/d43be416d3660a663485018f866a09e1/element/f.7BF79C854FBB8D4BB26BBD9CC32763FF.d.817F657ED3924ED2EE61AD51347132CC.e.5/clear HTTP/11" 200 0
2024-10-17 16:12:53,482 DEBUG: http://localhost:56383 "POST /session/d43be416d3660a663485018f866a09e1/element/f.7BF79C854FBB8D4BB26BBD9CC32763FF.d.817F657ED3924ED2EE61AD51347132CC.e.5/value HTTP/11" 200 0
2024-10-17 16:12:53,702 DEBUG: http://localhost:56383 "POST /session/d43be416d3660a663485018f866a09e1/element/f.7BF79C854FBB8D4BB26BBD9CC32763FF.d.817F657ED3924ED2EE61AD51347132CC.e.5/value HTTP/11" 200 0
2024-10-17 16:12:53,940 DEBUG: http://localhost:56383 "POST /session/d43be416d3660a663485018f866a09e1/element/f.7BF79C854FBB8D4BB26BBD9CC32763FF.d.817F657ED3924ED2EE61AD51347132CC.e.5/value HTTP/11" 200 0
2024-10-17 16:12:54,239 DEBUG: http://localhost:56383 "POST /session/d43be416d3660a663485018f866a09e1/element/f.7BF79C854FBB8D4BB26BBD9CC32763FF.d.817F657ED3924ED2EE61AD51347132CC.e.5/value HTTP/11" 200 0
2024-10-17 16:12:54,470 DEBUG: http://localhost:56383 "POST /session/d43be416d3660a663485018f866a09e1/element/f.7BF79C854FBB8D4BB26BBD9CC32763FF.d.817F657ED3924ED2EE61AD51347132CC.e.5/value HTTP/11" 200 0
2024-10-17 16:12:54,680 DEBUG: http://localhost:56383 "POST /session/d43be416d3660a663485018f866a09e1/element/f.7BF79C854FBB8D4BB26BBD9CC32763FF.d.817F657ED3924ED2EE61AD51347132CC.e.5/value HTTP/11" 200 0
2024-10-17 16:12:54,937 DEBUG: http://localhost:56383 "POST /session/d43be416d3660a663485018f866a09e1/element/f.7BF79C854FBB8D4BB26BBD9CC32763FF.d.817F657ED3924ED2EE61AD51347132CC.e.5/value HTTP/11" 200 0
2024-10-17 16:12:55,226 DEBUG: http://localhost:56383 "POST /session/d43be416d3660a663485018f866a09e1/element/f.7BF79C854FBB8D4BB26BBD9CC32763FF.d.817F657ED3924ED2EE61AD51347132CC.e.5/value HTTP/11" 200 0
2024-10-17 16:12:55,489 DEBUG: http://localhost:56383 "POST /session/d43be416d3660a663485018f866a09e1/element/f.7BF79C854FBB8D4BB26BBD9CC32763FF.d.817F657ED3924ED2EE61AD51347132CC.e.5/value HTTP/11" 200 0
2024-10-17 16:12:55,620 DEBUG: http://localhost:56383 "POST /session/d43be416d3660a663485018f866a09e1/element/f.7BF79C854FBB8D4BB26BBD9CC32763FF.d.817F657ED3924ED2EE61AD51347132CC.e.5/value HTTP/11" 200 0
2024-10-17 16:12:55,851 DEBUG: http://localhost:56383 "POST /session/d43be416d3660a663485018f866a09e1/element/f.7BF79C854FBB8D4BB26BBD9CC32763FF.d.817F657ED3924ED2EE61AD51347132CC.e.5/value HTTP/11" 200 0
2024-10-17 16:12:56,160 DEBUG: http://localhost:56383 "POST /session/d43be416d3660a663485018f866a09e1/element/f.7BF79C854FBB8D4BB26BBD9CC32763FF.d.817F657ED3924ED2EE61AD51347132CC.e.5/value HTTP/11" 200 0
2024-10-17 16:12:56,470 DEBUG: http://localhost:56383 "POST /session/d43be416d3660a663485018f866a09e1/element/f.7BF79C854FBB8D4BB26BBD9CC32763FF.d.817F657ED3924ED2EE61AD51347132CC.e.5/value HTTP/11" 200 0
2024-10-17 16:12:56,788 DEBUG: http://localhost:56383 "POST /session/d43be416d3660a663485018f866a09e1/element/f.7BF79C854FBB8D4BB26BBD9CC32763FF.d.817F657ED3924ED2EE61AD51347132CC.e.5/value HTTP/11" 200 0
2024-10-17 16:12:57,063 DEBUG: http://localhost:56383 "POST /session/d43be416d3660a663485018f866a09e1/element/f.7BF79C854FBB8D4BB26BBD9CC32763FF.d.817F657ED3924ED2EE61AD51347132CC.e.5/value HTTP/11" 200 0
2024-10-17 16:12:57,298 DEBUG: http://localhost:56383 "POST /session/d43be416d3660a663485018f866a09e1/element/f.7BF79C854FBB8D4BB26BBD9CC32763FF.d.817F657ED3924ED2EE61AD51347132CC.e.5/value HTTP/11" 200 0
2024-10-17 16:12:57,528 DEBUG: http://localhost:56383 "POST /session/d43be416d3660a663485018f866a09e1/element/f.7BF79C854FBB8D4BB26BBD9CC32763FF.d.817F657ED3924ED2EE61AD51347132CC.e.5/value HTTP/11" 200 0
2024-10-17 16:12:57,693 DEBUG: http://localhost:56383 "POST /session/d43be416d3660a663485018f866a09e1/element/f.7BF79C854FBB8D4BB26BBD9CC32763FF.d.817F657ED3924ED2EE61AD51347132CC.e.5/value HTTP/11" 200 0
2024-10-17 16:12:57,908 DEBUG: http://localhost:56383 "POST /session/d43be416d3660a663485018f866a09e1/element/f.7BF79C854FBB8D4BB26BBD9CC32763FF.d.817F657ED3924ED2EE61AD51347132CC.e.5/value HTTP/11" 200 0
2024-10-17 16:12:58,210 DEBUG: http://localhost:56383 "POST /session/d43be416d3660a663485018f866a09e1/element HTTP/11" 200 0
2024-10-17 16:12:58,229 DEBUG: http://localhost:56383 "POST /session/d43be416d3660a663485018f866a09e1/element/f.7BF79C854FBB8D4BB26BBD9CC32763FF.d.817F657ED3924ED2EE61AD51347132CC.e.7/clear HTTP/11" 200 0
2024-10-17 16:12:58,259 DEBUG: http://localhost:56383 "POST /session/d43be416d3660a663485018f866a09e1/element/f.7BF79C854FBB8D4BB26BBD9CC32763FF.d.817F657ED3924ED2EE61AD51347132CC.e.7/value HTTP/11" 200 0
2024-10-17 16:12:58,536 DEBUG: http://localhost:56383 "POST /session/d43be416d3660a663485018f866a09e1/element/f.7BF79C854FBB8D4BB26BBD9CC32763FF.d.817F657ED3924ED2EE61AD51347132CC.e.7/value HTTP/11" 200 0
2024-10-17 16:12:58,704 DEBUG: http://localhost:56383 "POST /session/d43be416d3660a663485018f866a09e1/element/f.7BF79C854FBB8D4BB26BBD9CC32763FF.d.817F657ED3924ED2EE61AD51347132CC.e.7/value HTTP/11" 200 0
2024-10-17 16:12:58,853 DEBUG: http://localhost:56383 "POST /session/d43be416d3660a663485018f866a09e1/element/f.7BF79C854FBB8D4BB26BBD9CC32763FF.d.817F657ED3924ED2EE61AD51347132CC.e.7/value HTTP/11" 200 0
2024-10-17 16:12:59,022 DEBUG: http://localhost:56383 "POST /session/d43be416d3660a663485018f866a09e1/element/f.7BF79C854FBB8D4BB26BBD9CC32763FF.d.817F657ED3924ED2EE61AD51347132CC.e.7/value HTTP/11" 200 0
2024-10-17 16:12:59,183 DEBUG: http://localhost:56383 "POST /session/d43be416d3660a663485018f866a09e1/element/f.7BF79C854FBB8D4BB26BBD9CC32763FF.d.817F657ED3924ED2EE61AD51347132CC.e.7/value HTTP/11" 200 0
2024-10-17 16:12:59,351 DEBUG: http://localhost:56383 "POST /session/d43be416d3660a663485018f866a09e1/element HTTP/11" 404 0
2024-10-17 16:12:59,359 DEBUG: http://localhost:56383 "POST /session/d43be416d3660a663485018f866a09e1/element HTTP/11" 200 0
2024-10-17 16:13:01,154 DEBUG: http://localhost:56383 "POST /session/d43be416d3660a663485018f866a09e1/actions HTTP/11" 200 0
2024-10-17 16:13:01,193 DEBUG: http://localhost:56383 "POST /session/d43be416d3660a663485018f866a09e1/execute/sync HTTP/11" 200 0
